TN:
SF:contracts/architecture/CVELocker.sol
FN:102,CVELocker.recordEpochRewards
FNDA:11533,CVELocker.recordEpochRewards
DA:107,11533
BRDA:107,0,0,1
BRDA:107,0,1,11532
DA:108,1
DA:111,11532
BRDA:111,1,0,1
BRDA:111,1,1,11531
DA:112,1
DA:116,11531
DA:120,11531
FN:124,CVELocker.startLocker
FNDA:475,CVELocker.startLocker
DA:125,475
DA:127,474
BRDA:127,2,0,1
BRDA:127,2,1,473
DA:128,1
DA:131,473
DA:132,473
FN:138,CVELocker.rescueToken
FNDA:260,CVELocker.rescueToken
DA:142,260
DA:143,259
DA:145,259
BRDA:145,3,0,-
BRDA:145,3,1,-
DA:146,0
BRDA:146,4,0,-
BRDA:146,4,1,-
DA:147,0
DA:150,0
DA:152,259
BRDA:152,5,0,1
BRDA:152,5,1,258
DA:153,1
DA:156,258
BRDA:156,6,0,-
BRDA:156,6,1,1
DA:157,1
DA:160,258
FN:167,CVELocker.addAuthorizedRewardToken
FNDA:520,CVELocker.addAuthorizedRewardToken
DA:170,520
DA:172,519
BRDA:172,7,0,1
BRDA:172,7,1,518
DA:173,1
DA:176,518
BRDA:176,8,0,1
BRDA:176,8,1,517
DA:177,1
DA:180,517
FN:186,CVELocker.removeAuthorizedRewardToken
FNDA:4,CVELocker.removeAuthorizedRewardToken
DA:189,4
DA:191,3
BRDA:191,9,0,1
BRDA:191,9,1,2
DA:192,1
DA:195,2
BRDA:195,10,0,1
BRDA:195,10,1,1
DA:196,1
DA:199,1
FN:202,CVELocker.notifyLockerShutdown
FNDA:1030,CVELocker.notifyLockerShutdown
DA:204,1030
DA:205,2
BRDA:203,11,0,1
BRDA:203,11,1,1029
DA:207,1
DA:210,1029
FN:216,CVELocker.currentEpoch
FNDA:0,CVELocker.currentEpoch
DA:217,0
BRDA:217,12,0,-
BRDA:217,12,1,-
DA:218,0
DA:221,0
FN:231,CVELocker.hasRewardsToClaim
FNDA:0,CVELocker.hasRewardsToClaim
DA:233,0
DA:234,0
BRDA:232,13,0,-
BRDA:232,13,1,-
DA:236,0
DA:239,0
FN:249,CVELocker.updateUserClaimIndex
FNDA:3134,CVELocker.updateUserClaimIndex
DA:253,3134
DA:254,3133
FN:261,CVELocker.resetUserClaimIndex
FNDA:770,CVELocker.resetUserClaimIndex
DA:262,770
DA:263,769
FN:272,CVELocker.claimRewards
FNDA:258,CVELocker.claimRewards
DA:277,258
DA:278,258
DA:282,258
BRDA:282,14,0,1
DA:289,257
FN:298,CVELocker.claimRewardsFor
FNDA:6914,CVELocker.claimRewardsFor
DA:305,6914
DA:308,6913
FN:319,CVELocker.epochsToClaim
FNDA:10315,CVELocker.epochsToClaim
DA:320,10573
DA:321,10573
DA:322,10573
DA:324,10573
DA:325,8452
BRDA:323,15,0,7171
BRDA:323,15,1,3402
DA:328,7171
DA:332,3402
FN:338,CVELocker._claimRewards
FNDA:7170,CVELocker._claimRewards
DA:345,7170
DA:346,7170
DA:348,7170
DA:350,7170
DA:355,7170
DA:357,7170
DA:360,7170
DA:368,7168
BRDA:368,16,0,7168
BRDA:368,16,1,7168
DA:371,7168
FN:385,CVELocker._calculateRewardsForEpoch
FNDA:7170,CVELocker._calculateRewardsForEpoch
DA:389,7170
BRDA:389,17,0,-
BRDA:389,17,1,-
DA:392,0
DA:395,7170
FN:410,CVELocker._processRewards
FNDA:7170,CVELocker._processRewards
DA:417,7170
BRDA:417,18,0,-
BRDA:417,18,1,7170
DA:418,0
DA:421,7170
BRDA:421,19,0,-
BRDA:421,19,1,512
DA:422,514
BRDA:422,20,0,2
BRDA:422,20,1,512
DA:423,2
DA:427,512
BRDA:426,21,0,-
BRDA:426,21,1,512
DA:430,0
DA:431,0
DA:440,512
DA:446,512
DA:447,512
DA:448,512
DA:449,512
DA:450,512
BRDA:445,22,0,-
BRDA:445,22,1,512
DA:452,0
DA:455,512
DA:457,512
BRDA:457,23,0,-
BRDA:457,23,1,512
DA:458,0
DA:460,512
DA:467,512
DA:470,6656
DA:472,6656
FN:483,CVELocker._lockFeesAsVeCVE
FNDA:0,CVELocker._lockFeesAsVeCVE
DA:490,0
DA:496,0
BRDA:496,24,0,-
BRDA:496,24,1,-
DA:497,0
DA:511,0
DA:518,0
DA:533,0
FN:537,CVELocker._revert
FNDA:7,CVELocker._revert
FN:546,CVELocker._checkDaoPermissions
FNDA:739,CVELocker._checkDaoPermissions
DA:547,739
BRDA:547,25,0,3
BRDA:547,25,1,736
DA:548,3
FN:553,CVELocker._checkElevatedPermissions
FNDA:520,CVELocker._checkElevatedPermissions
DA:554,520
BRDA:554,26,0,1
BRDA:554,26,1,519
DA:555,1
FN:560,CVELocker._checkIsVeCVE
FNDA:10818,CVELocker._checkIsVeCVE
DA:561,10818
DA:563,10818
BRDA:563,27,0,3
FNF:21
FNH:18
LF:108
LH:86
BRF:54
BRH:36
end_of_record
TN:
SF:contracts/architecture/CentralRegistry.sol
FN:159,CentralRegistry.setCVE
FNDA:476,CentralRegistry.setCVE
DA:160,476
DA:162,475
DA:163,475
FN:168,CentralRegistry.setVeCVE
FNDA:473,CentralRegistry.setVeCVE
DA:169,473
DA:171,472
DA:172,472
FN:177,CentralRegistry.setOCVE
FNDA:2,CentralRegistry.setOCVE
DA:180,2
DA:182,1
DA:183,1
FN:188,CentralRegistry.setCVELocker
FNDA:473,CentralRegistry.setCVELocker
DA:191,473
DA:193,472
DA:194,472
FN:199,CentralRegistry.setProtocolMessagingHub
FNDA:390,CentralRegistry.setProtocolMessagingHub
DA:202,390
DA:204,389
DA:208,389
BRDA:208,0,0,1
BRDA:208,0,1,2
DA:209,3
DA:212,388
FN:220,CentralRegistry.setPriceRouter
FNDA:484,CentralRegistry.setPriceRouter
DA:223,484
DA:225,483
DA:226,483
FN:231,CentralRegistry.setZroAddress
FNDA:2,CentralRegistry.setZroAddress
DA:234,2
DA:236,1
DA:237,1
FN:242,CentralRegistry.setFeeAccumulator
FNDA:394,CentralRegistry.setFeeAccumulator
DA:245,394
DA:247,393
DA:248,393
FN:255,CentralRegistry.setProtocolCompoundFee
FNDA:4,CentralRegistry.setProtocolCompoundFee
DA:258,4
DA:260,3
BRDA:260,1,0,1
BRDA:260,1,1,2
DA:261,1
DA:266,2
DA:269,2
FN:276,CentralRegistry.setProtocolYieldFee
FNDA:4,CentralRegistry.setProtocolYieldFee
DA:279,4
DA:281,3
BRDA:281,2,0,1
BRDA:281,2,1,2
DA:282,1
DA:287,2
DA:290,2
FN:297,CentralRegistry.setProtocolLeverageFee
FNDA:4,CentralRegistry.setProtocolLeverageFee
DA:300,4
DA:302,3
BRDA:302,3,0,1
BRDA:302,3,1,2
DA:303,1
DA:308,2
FN:314,CentralRegistry.setProtocolInterestRateFee
FNDA:5,CentralRegistry.setProtocolInterestRateFee
DA:318,5
DA:320,4
BRDA:320,4,0,1
BRDA:320,4,1,3
DA:321,1
DA:324,3
BRDA:324,5,0,1
BRDA:324,5,1,2
DA:325,1
DA:331,2
FN:338,CentralRegistry.setEarlyUnlockPenaltyMultiplier
FNDA:264,CentralRegistry.setEarlyUnlockPenaltyMultiplier
DA:341,264
DA:343,263
BRDA:343,6,0,1
BRDA:343,6,1,262
DA:344,1
DA:347,262
BRDA:347,7,0,1
BRDA:347,7,1,261
DA:348,1
DA:351,261
FN:358,CentralRegistry.setVoteBoostMultiplier
FNDA:651,CentralRegistry.setVoteBoostMultiplier
DA:361,651
DA:363,650
BRDA:363,8,0,1
BRDA:363,8,1,649
DA:364,1
DA:366,649
FN:373,CentralRegistry.setLockBoostMultiplier
FNDA:398,CentralRegistry.setLockBoostMultiplier
DA:376,398
DA:378,397
BRDA:378,9,0,1
BRDA:378,9,1,396
DA:379,1
DA:381,396
FN:386,CentralRegistry.transferDaoOwnership
FNDA:2,CentralRegistry.transferDaoOwnership
DA:389,2
DA:391,1
DA:392,1
DA:394,1
DA:396,1
DA:398,1
FN:401,CentralRegistry.migrateTimelockConfiguration
FNDA:2,CentralRegistry.migrateTimelockConfiguration
DA:404,2
DA:406,1
DA:407,1
DA:410,1
DA:411,1
DA:414,1
DA:415,1
DA:417,1
FN:420,CentralRegistry.transferEmergencyCouncil
FNDA:491,CentralRegistry.transferEmergencyCouncil
DA:423,491
DA:425,490
DA:426,490
DA:429,490
DA:430,490
DA:433,490
DA:434,490
DA:436,490
FN:444,CentralRegistry.addChainSupport
FNDA:15,CentralRegistry.addChainSupport
DA:453,15
DA:456,14
BRDA:455,10,0,1
BRDA:455,10,1,13
DA:459,1
DA:462,13
BRDA:462,11,0,1
BRDA:462,11,1,12
DA:464,1
DA:467,12
DA:474,12
DA:475,12
DA:476,12
DA:477,12
DA:484,12
FN:488,CentralRegistry.removeChainSupport
FNDA:0,CentralRegistry.removeChainSupport
DA:494,0
DA:496,0
DA:500,0
BRDA:499,12,0,-
BRDA:499,12,1,-
DA:504,0
DA:507,0
BRDA:507,13,0,-
BRDA:507,13,1,-
DA:509,0
DA:513,0
DA:515,0
DA:517,0
DA:519,0
DA:522,0
DA:524,0
FN:529,CentralRegistry.addZapper
FNDA:394,CentralRegistry.addZapper
DA:530,394
DA:532,393
BRDA:532,14,0,1
BRDA:532,14,1,392
DA:534,1
DA:537,392
DA:539,392
FN:542,CentralRegistry.removeZapper
FNDA:3,CentralRegistry.removeZapper
DA:545,3
DA:547,2
BRDA:547,15,0,1
BRDA:547,15,1,1
DA:549,1
DA:552,1
DA:554,1
FN:557,CentralRegistry.addSwapper
FNDA:25,CentralRegistry.addSwapper
DA:558,25
DA:560,24
BRDA:560,16,0,1
BRDA:560,16,1,23
DA:562,1
DA:565,23
DA:567,23
FN:570,CentralRegistry.removeSwapper
FNDA:3,CentralRegistry.removeSwapper
DA:573,3
DA:575,2
BRDA:575,17,0,1
BRDA:575,17,1,1
DA:577,1
DA:580,1
DA:582,1
FN:585,CentralRegistry.addVeCVELocker
FNDA:2064,CentralRegistry.addVeCVELocker
DA:588,2064
DA:590,2063
BRDA:590,18,0,1
BRDA:590,18,1,2062
DA:592,1
DA:595,2062
DA:597,2062
FN:600,CentralRegistry.removeVeCVELocker
FNDA:12,CentralRegistry.removeVeCVELocker
DA:603,12
DA:605,11
BRDA:605,19,0,1
BRDA:605,19,1,10
DA:607,1
DA:610,10
DA:612,10
FN:615,CentralRegistry.addGaugeController
FNDA:400,CentralRegistry.addGaugeController
DA:618,400
DA:620,399
BRDA:620,20,0,1
BRDA:620,20,1,398
DA:622,1
DA:625,398
DA:627,398
FN:630,CentralRegistry.removeGaugeController
FNDA:3,CentralRegistry.removeGaugeController
DA:633,3
DA:635,2
BRDA:635,21,0,1
BRDA:635,21,1,1
DA:637,1
DA:640,1
DA:642,1
FN:648,CentralRegistry.addHarvester
FNDA:396,CentralRegistry.addHarvester
DA:651,396
DA:653,395
BRDA:653,22,0,1
BRDA:653,22,1,394
DA:655,1
DA:658,394
DA:660,394
FN:663,CentralRegistry.removeHarvester
FNDA:3,CentralRegistry.removeHarvester
DA:666,3
DA:668,2
BRDA:668,23,0,1
BRDA:668,23,1,1
DA:670,1
DA:673,1
DA:675,1
FN:683,CentralRegistry.addLendingMarket
FNDA:464,CentralRegistry.addLendingMarket
DA:687,464
DA:689,463
BRDA:689,24,0,1
BRDA:689,24,1,462
DA:691,1
DA:696,462
BRDA:695,25,0,1
BRDA:695,25,1,461
DA:701,1
DA:704,461
BRDA:704,26,0,1
BRDA:704,26,1,460
DA:706,1
DA:709,460
DA:710,460
DA:714,460
FN:720,CentralRegistry.removeLendingMarket
FNDA:3,CentralRegistry.removeLendingMarket
DA:723,3
DA:725,2
BRDA:725,27,0,1
BRDA:725,27,1,1
DA:727,1
DA:730,1
DA:732,1
FN:738,CentralRegistry.addEndpoint
FNDA:5,CentralRegistry.addEndpoint
DA:741,5
DA:743,4
BRDA:743,28,0,1
BRDA:743,28,1,3
DA:745,1
DA:748,3
DA:750,3
FN:756,CentralRegistry.removeEndpoint
FNDA:3,CentralRegistry.removeEndpoint
DA:759,3
DA:761,2
BRDA:761,29,0,1
BRDA:761,29,1,1
DA:763,1
DA:766,1
DA:768,1
FN:771,CentralRegistry.getOmnichainOperators
FNDA:5,CentralRegistry.getOmnichainOperators
DA:775,5
FN:781,CentralRegistry.supportsInterface
FNDA:23166,CentralRegistry.supportsInterface
DA:784,23166
DA:785,23166
DA:786,15444
FN:792,CentralRegistry._bpToWad
FNDA:472,CentralRegistry._bpToWad
DA:794,472
FN:799,CentralRegistry._revert
FNDA:60,CentralRegistry._revert
FN:808,CentralRegistry._checkEmergencyCouncilPermissions
FNDA:493,CentralRegistry._checkEmergencyCouncilPermissions
DA:809,493
BRDA:809,30,0,2
BRDA:809,30,1,491
DA:810,2
FN:815,CentralRegistry._checkDaoPermissions
FNDA:2,CentralRegistry._checkDaoPermissions
DA:816,2
BRDA:816,31,0,1
BRDA:816,31,1,1
DA:817,1
FN:822,CentralRegistry._checkElevatedPermissions
FNDA:7817,CentralRegistry._checkElevatedPermissions
DA:823,7817
BRDA:823,32,0,30
BRDA:823,32,1,7787
DA:824,30
FNF:41
FNH:40
LF:191
LH:179
BRF:66
BRH:62
end_of_record
TN:
SF:contracts/architecture/CurvanceDAOTimelock.sol
FN:50,Timelock.updateDaoAddress
FNDA:0,Timelock.updateDaoAddress
DA:51,0
DA:52,0
BRDA:52,0,0,-
BRDA:52,0,1,-
DA:53,0
DA:54,0
DA:56,0
DA:57,0
FNF:1
FNH:0
LF:6
LH:0
BRF:2
BRH:0
end_of_record
TN:
SF:contracts/architecture/FeeAccumulator.sol
FN:169,FeeAccumulator.multiSwap
FNDA:5,FeeAccumulator.multiSwap
DA:173,5
BRDA:173,0,0,1
BRDA:173,0,1,4
DA:174,1
DA:177,4
DA:182,4
DA:183,4
BRDA:183,1,0,1
BRDA:183,1,1,3
DA:184,1
DA:189,3
DA:191,3
DA:192,3
DA:194,3
BRDA:194,2,0,3
BRDA:194,2,1,-
DA:195,3
DA:197,3
BRDA:197,3,0,1
BRDA:197,3,1,2
DA:198,1
DA:203,2
BRDA:203,4,0,-
BRDA:203,4,1,-
DA:204,0
DA:210,2
BRDA:210,5,0,-
BRDA:210,5,1,-
DA:211,0
DA:217,2
BRDA:217,6,0,-
BRDA:217,6,1,2
DA:218,2
DA:230,0
DA:234,0
FN:249,FeeAccumulator.executeOTC
FNDA:4,FeeAccumulator.executeOTC
DA:253,4
DA:256,3
BRDA:256,7,0,1
BRDA:256,7,1,2
DA:257,1
DA:261,2
DA:263,2
DA:268,2
DA:272,2
BRDA:272,8,0,-
BRDA:272,8,1,2
DA:273,0
DA:276,2
DA:279,2
DA:281,2
DA:283,2
DA:291,0
DA:298,0
FN:301,FeeAccumulator.sendLockedTokenData
FNDA:4,FeeAccumulator.sendLockedTokenData
DA:305,4
BRDA:305,9,0,1
BRDA:305,9,1,3
DA:306,1
DA:309,3
DA:310,3
DA:312,3
BRDA:312,10,0,-
BRDA:312,10,1,3
DA:313,0
DA:316,3
DA:318,3
DA:322,3
BRDA:322,11,0,1
BRDA:322,11,1,2
DA:323,1
DA:326,2
BRDA:326,12,0,1
BRDA:326,12,1,1
DA:327,1
DA:333,1
DA:334,1
DA:335,1
DA:337,1
DA:341,1
DA:351,1
FN:369,FeeAccumulator.receiveExecutableLockData
FNDA:2,FeeAccumulator.receiveExecutableLockData
DA:370,2
BRDA:370,13,0,1
BRDA:370,13,1,1
DA:371,1
DA:374,1
DA:377,1
FN:394,FeeAccumulator.receiveCrossChainLockData
FNDA:1,FeeAccumulator.receiveCrossChainLockData
DA:397,1
BRDA:397,14,0,1
BRDA:397,14,1,-
DA:398,1
DA:401,0
DA:404,0
BRDA:404,15,0,-
BRDA:404,15,1,-
DA:405,0
DA:408,0
DA:411,0
FN:419,FeeAccumulator.executeEpochFeeRouter
FNDA:0,FeeAccumulator.executeEpochFeeRouter
DA:420,0
DA:421,0
DA:423,0
BRDA:423,16,0,-
BRDA:423,16,1,-
DA:424,0
DA:430,0
DA:433,0
BRDA:433,17,0,-
BRDA:433,17,1,-
DA:434,0
DA:437,0
DA:441,0
BRDA:441,18,0,-
BRDA:441,18,1,-
DA:443,0
DA:449,0
DA:450,0
DA:453,0
DA:454,0
DA:455,0
DA:458,0
DA:459,0
DA:460,0
DA:463,0
DA:466,0
DA:476,0
DA:493,0
DA:497,0
FN:505,FeeAccumulator.migrateFeeAccumulator
FNDA:2,FeeAccumulator.migrateFeeAccumulator
DA:506,2
DA:507,2
BRDA:507,19,0,1
BRDA:507,19,1,1
DA:508,1
DA:511,1
DA:512,1
DA:513,1
DA:516,1
DA:517,2
DA:521,2
BRDA:521,20,0,-
BRDA:521,20,1,2
DA:522,2
DA:530,2
DA:534,1
DA:537,1
BRDA:537,21,0,-
BRDA:537,21,1,1
DA:538,0
FN:548,FeeAccumulator.setOneBalanceAddress
FNDA:2,FeeAccumulator.setOneBalanceAddress
DA:551,2
DA:554,1
DA:556,1
DA:560,1
FN:569,FeeAccumulator.setEarmarked
FNDA:5,FeeAccumulator.setEarmarked
DA:573,5
DA:575,4
FN:578,FeeAccumulator.setGasParameters
FNDA:2,FeeAccumulator.setGasParameters
DA:582,2
DA:584,1
DA:585,1
FN:590,FeeAccumulator.notifyUpdatedMessagingHub
FNDA:4,FeeAccumulator.notifyUpdatedMessagingHub
DA:591,4
BRDA:591,22,0,1
BRDA:591,22,1,3
DA:592,1
DA:595,3
DA:597,3
BRDA:597,23,0,1
BRDA:597,23,1,2
DA:598,1
DA:602,2
DA:606,2
DA:608,2
FN:615,FeeAccumulator.addRewardTokens
FNDA:12,FeeAccumulator.addRewardTokens
DA:618,12
DA:620,11
DA:621,11
BRDA:621,24,0,1
BRDA:621,24,1,10
DA:622,1
DA:625,10
DA:627,15
BRDA:627,25,0,15
BRDA:627,25,1,15
DA:628,15
DA:632,15
FN:640,FeeAccumulator.removeRewardToken
FNDA:4,FeeAccumulator.removeRewardToken
DA:643,4
DA:645,3
DA:648,3
BRDA:648,26,0,1
BRDA:648,26,1,2
DA:649,1
DA:652,2
DA:653,2
DA:654,2
DA:656,2
DA:657,2
BRDA:657,27,0,2
BRDA:657,27,1,-
DA:659,2
DA:660,2
DA:663,0
DA:668,2
BRDA:668,28,0,-
BRDA:668,28,1,2
DA:671,0
DA:675,2
DA:677,2
DA:679,2
DA:682,2
FN:686,FeeAccumulator.recordEpochRewards
FNDA:1,FeeAccumulator.recordEpochRewards
DA:688,1
BRDA:688,29,0,-
BRDA:688,29,1,1
DA:689,0
DA:692,1
DA:693,1
FN:700,FeeAccumulator.getRewardTokenBalances
FNDA:1,FeeAccumulator.getRewardTokenBalances
DA:705,1
DA:706,1
DA:707,1
DA:709,1
DA:710,2
DA:715,2
DA:719,1
FN:726,FeeAccumulator.getPriceRouter
FNDA:1,FeeAccumulator.getPriceRouter
DA:727,1
FN:733,FeeAccumulator.vaultCompoundFee
FNDA:1,FeeAccumulator.vaultCompoundFee
DA:734,1
FN:739,FeeAccumulator.vaultYieldFee
FNDA:1,FeeAccumulator.vaultYieldFee
DA:740,1
FN:748,FeeAccumulator._addRewardToken
FNDA:15,FeeAccumulator._addRewardToken
DA:749,15
DA:753,15
FN:769,FeeAccumulator._validateAndRecordChainData
FNDA:0,FeeAccumulator._validateAndRecordChainData
DA:775,0
BRDA:775,30,0,-
BRDA:775,30,1,-
DA:776,0
DA:780,0
DA:781,0
BRDA:779,31,0,-
BRDA:779,31,1,-
DA:783,0
DA:784,0
DA:788,0
DA:794,0
FN:801,FeeAccumulator._executeEpochFeeRouter
FNDA:0,FeeAccumulator._executeEpochFeeRouter
DA:806,0
DA:810,0
DA:811,0
DA:814,0
DA:818,0
DA:819,0
DA:822,0
DA:826,0
DA:827,0
DA:831,0
DA:832,0
DA:835,0
DA:839,0
DA:860,0
DA:864,0
DA:867,0
DA:870,0
DA:872,0
DA:877,0
DA:879,0
FN:883,FeeAccumulator._checkDaoPermissions
FNDA:29,FeeAccumulator._checkDaoPermissions
DA:884,29
BRDA:884,32,0,6
BRDA:884,32,1,23
DA:885,6
FNF:22
FNH:19
LF:190
LH:122
BRF:66
BRH:40
end_of_record
TN:
SF:contracts/architecture/ProtocolMessagingHub.sol
FN:85,ProtocolMessagingHub.setStargateAddress
FNDA:3,ProtocolMessagingHub.setStargateAddress
DA:86,3
BRDA:86,0,0,1
BRDA:86,0,1,2
DA:87,1
DA:90,2
BRDA:90,1,0,1
BRDA:90,1,1,1
DA:91,1
DA:94,1
FN:100,ProtocolMessagingHub.sgReceive
FNDA:3,ProtocolMessagingHub.sgReceive
DA:108,3
BRDA:108,2,0,1
BRDA:108,2,1,2
DA:109,1
DA:112,2
DA:114,2
DA:116,1
FN:132,ProtocolMessagingHub.sendGaugeEmissions
FNDA:4,ProtocolMessagingHub.sendGaugeEmissions
DA:139,4
DA:143,3
BRDA:142,3,0,1
BRDA:142,3,1,2
DA:149,1
DA:151,2
FN:179,ProtocolMessagingHub.sendFees
FNDA:5,ProtocolMessagingHub.sendFees
DA:185,5
DA:189,4
DA:192,4
DA:196,4
BRDA:196,4,0,1
BRDA:196,4,1,3
DA:197,1
DA:205,3
BRDA:205,5,0,-
BRDA:205,5,1,3
DA:206,0
DA:214,3
BRDA:213,6,0,-
BRDA:213,6,1,3
DA:216,0
DA:222,3
DA:227,3
DA:236,3
BRDA:236,7,0,1
BRDA:236,7,1,2
DA:237,1
DA:243,2
DA:250,1
DA:257,1
FN:282,ProtocolMessagingHub.onOFTReceived
FNDA:2,ProtocolMessagingHub.onOFTReceived
DA:291,2
BRDA:291,8,0,1
BRDA:291,8,1,1
DA:292,1
DA:295,1
DA:301,1
BRDA:301,9,0,1
BRDA:301,9,1,-
DA:302,1
DA:308,0
BRDA:308,10,0,-
BRDA:308,10,1,-
DA:309,0
DA:313,0
BRDA:313,11,0,-
BRDA:313,11,1,-
DA:314,0
DA:317,0
DA:324,0
DA:338,0
BRDA:338,12,0,-
BRDA:338,12,1,-
DA:339,0
DA:348,0
DA:352,0
BRDA:352,13,0,-
BRDA:352,13,1,-
DA:353,0
DA:355,0
DA:362,0
DA:363,0
DA:365,0
DA:366,0
DA:368,0
DA:370,0
DA:377,0
FN:384,ProtocolMessagingHub.quoteStargateFee
FNDA:0,ProtocolMessagingHub.quoteStargateFee
DA:391,0
DA:392,0
FN:405,ProtocolMessagingHub.returnReimbursedFees
FNDA:2,ProtocolMessagingHub.returnReimbursedFees
DA:406,2
BRDA:406,14,0,1
BRDA:406,14,1,1
DA:407,1
DA:410,1
FN:431,ProtocolMessagingHub.sendLockedTokenData
FNDA:0,ProtocolMessagingHub.sendLockedTokenData
DA:439,0
DA:443,0
BRDA:442,15,0,-
BRDA:442,15,1,-
DA:449,0
DA:452,0
BRDA:452,16,0,-
BRDA:452,16,1,-
DA:453,0
DA:456,0
FN:470,ProtocolMessagingHub._quoteStargateFee
FNDA:3,ProtocolMessagingHub._quoteStargateFee
DA:477,3
DA:478,3
FN:488,ProtocolMessagingHub._checkPermissions
FNDA:9,ProtocolMessagingHub._checkPermissions
DA:490,9
DA:491,9
BRDA:489,17,0,2
BRDA:489,17,1,7
DA:493,2
FNF:10
FNH:8
LF:70
LH:41
BRF:36
BRH:21
end_of_record
TN:
SF:contracts/gauge/GaugeController.sol
FN:52,GaugeController.gaugeWeight
FNDA:0,GaugeController.gaugeWeight
DA:56,0
FN:67,GaugeController.setEmissionRates
FNDA:0,GaugeController.setEmissionRates
DA:72,0
BRDA:72,0,0,-
BRDA:72,0,1,-
DA:73,0
DA:77,0
DA:78,0
BRDA:76,1,0,-
BRDA:76,1,1,-
DA:80,0
DA:83,0
DA:85,0
BRDA:85,2,0,-
BRDA:85,2,1,-
DA:86,0
DA:89,0
DA:90,0
DA:91,0
DA:95,0
BRDA:95,3,0,-
BRDA:95,3,1,-
DA:96,0
DA:99,0
DA:103,0
DA:106,0
FN:114,GaugeController.massUpdatePools
FNDA:0,GaugeController.massUpdatePools
DA:115,0
DA:116,0
DA:119,0
FN:127,GaugeController.currentEpoch
FNDA:0,GaugeController.currentEpoch
DA:128,54
FN:133,GaugeController.epochOfTimestamp
FNDA:0,GaugeController.epochOfTimestamp
DA:136,108
DA:137,108
FN:142,GaugeController.epochStartTime
FNDA:0,GaugeController.epochStartTime
DA:145,0
DA:146,0
FN:151,GaugeController.epochEndTime
FNDA:0,GaugeController.epochEndTime
DA:154,12
DA:155,12
FN:161,GaugeController.isGaugeEnabled
FNDA:0,GaugeController.isGaugeEnabled
DA:165,0
FN:171,GaugeController._checkDaoPermissions
FNDA:179,GaugeController._checkDaoPermissions
DA:172,179
BRDA:172,4,0,-
BRDA:172,4,1,179
DA:173,0
FN:178,GaugeController._verifyGaugeHasStarted
FNDA:120,GaugeController._verifyGaugeHasStarted
DA:179,120
BRDA:179,5,0,-
BRDA:179,5,1,120
DA:180,0
FN:188,GaugeController.updatePool
FNDA:0,GaugeController.updatePool
FNF:11
FNH:2
LF:32
LH:7
BRF:12
BRH:2
end_of_record
TN:
SF:contracts/gauge/GaugePool.sol
FN:65,GaugePool.start
FNDA:179,GaugePool.start
DA:66,179
DA:68,179
BRDA:68,0,0,-
BRDA:68,0,1,179
DA:69,0
DA:73,179
BRDA:73,1,0,-
BRDA:73,1,1,179
DA:74,0
DA:78,179
BRDA:77,2,0,-
BRDA:77,2,1,179
DA:83,0
DA:86,179
DA:87,179
FN:92,GaugePool.addPartnerGauge
FNDA:0,GaugePool.addPartnerGauge
DA:93,0
DA:95,0
BRDA:95,3,0,-
BRDA:95,3,1,-
DA:96,0
DA:99,0
BRDA:99,4,0,-
BRDA:99,4,1,-
DA:100,0
DA:103,0
DA:104,0
DA:106,0
FN:112,GaugePool.removePartnerGauge
FNDA:0,GaugePool.removePartnerGauge
DA:116,0
DA:118,0
BRDA:118,5,0,-
BRDA:118,5,1,-
DA:119,0
DA:124,0
BRDA:124,6,0,-
BRDA:124,6,1,-
DA:125,0
DA:127,0
DA:129,0
FN:132,GaugePool.balanceOf
FNDA:25,GaugePool.balanceOf
DA:136,25
FN:139,GaugePool.totalSupply
FNDA:0,GaugePool.totalSupply
DA:140,0
FN:146,GaugePool.pendingRewards
FNDA:0,GaugePool.pendingRewards
DA:150,0
DA:151,0
DA:152,0
DA:153,0
DA:154,0
BRDA:154,7,0,-
BRDA:154,7,1,-
DA:155,0
DA:158,0
BRDA:158,8,0,-
BRDA:158,8,1,-
DA:159,0
DA:160,0
DA:161,0
DA:162,0
DA:163,0
DA:166,0
DA:170,0
DA:175,0
DA:176,0
DA:180,0
DA:184,0
DA:190,0
DA:191,0
DA:192,0
DA:193,0
FN:202,GaugePool.deposit
FNDA:305,GaugePool.deposit
DA:207,305
BRDA:207,9,0,3
BRDA:207,9,1,302
DA:208,3
DA:210,302
BRDA:210,10,0,-
BRDA:210,10,1,302
DA:211,0
DA:215,302
BRDA:214,11,0,-
BRDA:214,11,1,302
DA:217,0
DA:220,302
DA:222,302
DA:224,302
DA:225,302
DA:227,302
BRDA:227,12,0,-
BRDA:227,12,1,103
DA:229,103
DA:230,103
DA:231,103
DA:239,302
DA:241,302
DA:243,302
DA:244,0
BRDA:244,13,0,-
BRDA:244,13,1,-
DA:245,0
DA:249,0
DA:253,302
FN:260,GaugePool.withdraw
FNDA:47,GaugePool.withdraw
DA:265,47
BRDA:265,14,0,4
BRDA:265,14,1,43
DA:266,4
DA:268,43
BRDA:268,15,0,-
BRDA:268,15,1,43
DA:269,0
DA:273,43
BRDA:272,16,0,-
BRDA:272,16,1,43
DA:275,0
DA:278,43
DA:279,43
BRDA:279,17,0,-
BRDA:279,17,1,43
DA:280,0
DA:283,43
DA:284,43
DA:286,43
DA:287,43
DA:289,43
DA:291,43
DA:293,43
DA:294,0
BRDA:294,18,0,-
BRDA:294,18,1,-
DA:295,0
DA:299,0
DA:303,43
FN:308,GaugePool.claim
FNDA:0,GaugePool.claim
DA:309,0
BRDA:309,19,0,-
BRDA:309,19,1,-
DA:310,0
DA:313,0
DA:314,0
DA:316,0
DA:317,0
BRDA:317,20,0,-
BRDA:317,20,1,-
DA:318,0
DA:320,0
DA:322,0
DA:324,0
DA:326,0
FN:331,GaugePool.claimAndExtendLock
FNDA:0,GaugePool.claimAndExtendLock
DA:339,0
BRDA:339,21,0,-
BRDA:339,21,1,-
DA:340,0
DA:343,0
DA:344,0
DA:346,0
DA:347,0
BRDA:347,22,0,-
BRDA:347,22,1,-
DA:348,0
DA:351,0
DA:353,0
DA:355,0
BRDA:355,23,0,-
BRDA:355,23,1,-
DA:356,0
DA:358,0
DA:359,0
DA:362,0
DA:363,0
DA:373,0
DA:375,0
FN:380,GaugePool.claimAndLock
FNDA:0,GaugePool.claimAndLock
DA:387,0
BRDA:387,24,0,-
BRDA:387,24,1,-
DA:388,0
DA:391,0
DA:392,0
DA:394,0
DA:395,0
BRDA:395,25,0,-
BRDA:395,25,1,-
DA:396,0
DA:399,0
DA:401,0
DA:403,0
BRDA:403,26,0,-
BRDA:403,26,1,-
DA:404,0
DA:406,0
DA:407,0
DA:410,0
DA:411,0
DA:420,0
DA:422,0
FN:429,GaugePool.updatePool
FNDA:0,GaugePool.updatePool
DA:430,448
BRDA:430,27,0,-
BRDA:430,27,1,448
DA:431,0
DA:434,448
DA:435,448
BRDA:435,28,0,410
BRDA:435,28,1,448
DA:436,410
DA:440,448
DA:441,57
BRDA:439,29,0,391
BRDA:439,29,1,57
DA:443,391
DA:446,57
DA:447,57
BRDA:447,30,0,3
BRDA:447,30,1,54
DA:448,3
DA:451,54
DA:452,54
DA:453,54
DA:454,54
DA:456,66
DA:457,12
DA:460,12
DA:464,12
DA:469,12
DA:470,12
DA:474,54
DA:478,54
DA:484,54
DA:485,54
FN:489,GaugePool.supportsInterface
FNDA:1374,GaugePool.supportsInterface
DA:492,1374
DA:493,1374
DA:494,916
FN:500,GaugePool._calcPending
FNDA:345,GaugePool._calcPending
DA:501,345
DA:502,345
FN:509,GaugePool._calcDebt
FNDA:345,GaugePool._calcDebt
DA:510,345
DA:511,345
FNF:15
FNH:7
LF:166
LH:68
BRF:62
BRH:20
end_of_record
TN:
SF:contracts/gauge/PartnerGaugePool.sol
FN:83,PartnerGaugePool.activate
FNDA:0,PartnerGaugePool.activate
DA:84,0
DA:86,0
FN:91,PartnerGaugePool.setRewardPerSec
FNDA:0,PartnerGaugePool.setRewardPerSec
DA:95,0
BRDA:95,0,0,-
BRDA:95,0,1,-
DA:96,0
DA:99,0
BRDA:99,1,0,-
BRDA:99,1,1,-
DA:100,0
DA:103,0
DA:104,0
DA:106,0
BRDA:106,2,0,-
BRDA:106,2,1,-
DA:107,0
DA:113,0
FN:125,PartnerGaugePool.pendingRewards
FNDA:0,PartnerGaugePool.pendingRewards
DA:130,0
BRDA:129,3,0,-
BRDA:129,3,1,-
DA:135,0
DA:138,0
DA:139,0
DA:140,0
DA:142,0
BRDA:142,4,0,-
BRDA:142,4,1,-
DA:143,0
DA:146,0
BRDA:146,5,0,-
BRDA:146,5,1,-
DA:147,0
DA:150,0
DA:151,0
DA:152,0
DA:153,0
DA:155,0
DA:158,0
DA:163,0
DA:168,0
DA:169,0
DA:172,0
DA:175,0
DA:177,0
DA:182,0
DA:188,0
DA:189,0
DA:190,0
DA:191,0
FN:196,PartnerGaugePool.deposit
FNDA:0,PartnerGaugePool.deposit
DA:201,0
DA:203,0
DA:205,0
DA:207,0
BRDA:207,6,0,-
BRDA:207,6,1,-
DA:209,0
DA:210,0
DA:211,0
DA:219,0
FN:222,PartnerGaugePool.withdraw
FNDA:0,PartnerGaugePool.withdraw
DA:227,0
DA:229,0
DA:231,0
DA:233,0
FN:236,PartnerGaugePool.claim
FNDA:0,PartnerGaugePool.claim
DA:237,0
DA:239,0
DA:241,0
DA:242,0
BRDA:242,7,0,-
BRDA:242,7,1,-
DA:243,0
DA:245,0
DA:247,0
DA:249,0
FN:254,PartnerGaugePool.startTime
FNDA:0,PartnerGaugePool.startTime
DA:255,0
FN:258,PartnerGaugePool.currentEpoch
FNDA:0,PartnerGaugePool.currentEpoch
DA:259,0
FN:265,PartnerGaugePool._calcPending
FNDA:0,PartnerGaugePool._calcPending
DA:271,0
DA:272,0
BRDA:272,8,0,-
BRDA:272,8,1,-
DA:273,0
DA:274,0
BRDA:274,9,0,-
BRDA:274,9,1,-
DA:275,0
DA:278,0
DA:279,0
FN:286,PartnerGaugePool._calcDebt
FNDA:0,PartnerGaugePool._calcDebt
DA:287,0
DA:288,0
FN:296,PartnerGaugePool._updatePool
FNDA:0,PartnerGaugePool._updatePool
DA:301,0
DA:302,0
DA:304,0
BRDA:304,10,0,-
BRDA:304,10,1,-
DA:305,0
DA:306,0
DA:309,0
BRDA:309,11,0,-
BRDA:309,11,1,-
DA:310,0
DA:313,0
DA:314,0
BRDA:314,12,0,-
BRDA:314,12,1,-
DA:315,0
DA:316,0
BRDA:316,13,0,-
BRDA:316,13,1,-
DA:317,0
DA:320,0
BRDA:320,14,0,-
BRDA:320,14,1,-
DA:321,0
DA:322,0
DA:325,0
DA:326,0
DA:329,0
DA:330,0
DA:331,0
DA:332,0
DA:334,0
DA:338,0
DA:343,0
DA:348,0
DA:349,0
DA:352,0
DA:355,0
DA:357,0
DA:362,0
DA:368,0
DA:369,0
FN:373,PartnerGaugePool._checkIsGaugeController
FNDA:0,PartnerGaugePool._checkIsGaugeController
DA:374,0
BRDA:374,15,0,-
BRDA:374,15,1,-
DA:375,0
FNF:12
FNH:0
LF:102
LH:0
BRF:32
BRH:0
end_of_record
TN:
SF:contracts/layerzero/BaseOFTV2.sol
FN:20,BaseOFTV2.sendFrom
FNDA:0,BaseOFTV2.sendFrom
DA:27,0
FN:38,BaseOFTV2.sendAndCall
FNDA:3,BaseOFTV2.sendAndCall
DA:47,3
FN:63,BaseOFTV2.supportsInterface
FNDA:0,BaseOFTV2.supportsInterface
DA:70,0
DA:71,0
DA:72,0
FN:75,BaseOFTV2.estimateSendFee
FNDA:0,BaseOFTV2.estimateSendFee
DA:88,0
DA:89,0
FN:98,BaseOFTV2.estimateSendAndCallFee
FNDA:3,BaseOFTV2.estimateSendAndCallFee
DA:113,3
DA:114,3
FNF:5
FNH:2
LF:9
LH:3
BRF:0
BRH:0
end_of_record
TN:
SF:contracts/layerzero/LzApp.sol
FN:61,LzApp.lzReceive
FNDA:0,LzApp.lzReceive
DA:68,0
BRDA:68,0,0,-
BRDA:68,0,1,-
DA:73,0
DA:75,0
BRDA:75,1,0,-
BRDA:75,1,1,-
DA:82,0
FN:93,LzApp._lzSend
FNDA:2,LzApp._lzSend
DA:101,2
DA:102,2
BRDA:102,2,0,1
BRDA:102,2,1,1
DA:106,1
DA:107,1
FN:117,LzApp._checkGasLimit
FNDA:2,LzApp._checkGasLimit
DA:123,2
DA:124,1
DA:125,1
BRDA:125,3,0,-
BRDA:125,3,1,1
DA:126,1
BRDA:126,4,0,-
BRDA:126,4,1,1
FN:132,LzApp._getGasLimit
FNDA:2,LzApp._getGasLimit
DA:138,2
BRDA:138,5,0,1
BRDA:138,5,1,1
DA:140,1
FN:144,LzApp._checkPayloadSize
FNDA:1,LzApp._checkPayloadSize
DA:149,1
DA:150,1
BRDA:150,6,0,1
BRDA:150,6,1,1
DA:152,1
DA:154,1
BRDA:154,7,0,-
BRDA:154,7,1,1
FN:161,LzApp.getConfig
FNDA:0,LzApp.getConfig
DA:167,0
DA:168,0
FN:177,LzApp.setConfig
FNDA:0,LzApp.setConfig
DA:183,0
FN:186,LzApp.setSendVersion
FNDA:0,LzApp.setSendVersion
DA:187,0
FN:190,LzApp.setReceiveVersion
FNDA:0,LzApp.setReceiveVersion
DA:195,0
FN:198,LzApp.forceResumeReceive
FNDA:0,LzApp.forceResumeReceive
DA:203,0
FN:208,LzApp.setTrustedRemote
FNDA:0,LzApp.setTrustedRemote
DA:212,0
DA:213,0
FN:216,LzApp.setTrustedRemoteAddress
FNDA:393,LzApp.setTrustedRemoteAddress
DA:220,393
DA:224,393
FN:227,LzApp.getTrustedRemoteAddress
FNDA:0,LzApp.getTrustedRemoteAddress
DA:232,0
DA:233,0
BRDA:233,8,0,-
BRDA:233,8,1,-
DA:234,0
FN:237,LzApp.setPrecrime
FNDA:0,LzApp.setPrecrime
DA:238,0
DA:239,0
FN:242,LzApp.setMinDstGas
FNDA:0,LzApp.setMinDstGas
DA:247,0
BRDA:247,9,0,-
BRDA:247,9,1,-
DA:248,0
DA:249,0
FN:253,LzApp.setPayloadSizeLimit
FNDA:0,LzApp.setPayloadSizeLimit
DA:257,0
FN:261,LzApp.isTrustedRemote
FNDA:0,LzApp.isTrustedRemote
DA:266,0
DA:267,0
FNF:17
FNH:5
LF:39
LH:16
BRF:20
BRH:9
end_of_record
TN:
SF:contracts/layerzero/NonblockingLzApp.sol
FN:38,NonblockingLzApp._blockingLzReceive
FNDA:0,NonblockingLzApp._blockingLzReceive
DA:44,0
DA:57,0
BRDA:57,0,0,-
BRDA:57,0,1,-
DA:58,0
FN:68,NonblockingLzApp._storeFailedMessage
FNDA:0,NonblockingLzApp._storeFailedMessage
DA:75,0
DA:76,0
FN:85,NonblockingLzApp.nonblockingLzReceive
FNDA:0,NonblockingLzApp.nonblockingLzReceive
DA:92,0
BRDA:92,1,0,-
BRDA:92,1,1,-
DA:96,0
FN:107,NonblockingLzApp.retryMessage
FNDA:0,NonblockingLzApp.retryMessage
DA:114,0
DA:115,0
BRDA:115,2,0,-
BRDA:115,2,1,-
DA:119,0
BRDA:119,3,0,-
BRDA:119,3,1,-
DA:124,0
DA:126,0
DA:127,0
FNF:4
FNH:0
LF:13
LH:0
BRF:8
BRH:0
end_of_record
TN:
SF:contracts/layerzero/OFTCoreV2.sol
FN:70,OFTCoreV2.callOnOFTReceived
FNDA:0,OFTCoreV2.callOnOFTReceived
DA:80,0
BRDA:80,0,0,-
BRDA:80,0,1,-
DA:86,0
DA:87,0
DA:90,0
FN:100,OFTCoreV2.setUseCustomAdapterParams
FNDA:393,OFTCoreV2.setUseCustomAdapterParams
DA:105,393
DA:106,393
FN:112,OFTCoreV2._estimateSendFee
FNDA:0,OFTCoreV2._estimateSendFee
DA:120,0
DA:121,0
DA:122,0
FN:131,OFTCoreV2._estimateSendAndCallFee
FNDA:3,OFTCoreV2._estimateSendAndCallFee
DA:141,3
DA:148,3
DA:149,3
FN:158,OFTCoreV2._nonblockingLzReceive
FNDA:0,OFTCoreV2._nonblockingLzReceive
DA:164,0
DA:166,0
BRDA:166,1,0,-
BRDA:166,1,1,-
DA:167,0
DA:168,0
BRDA:168,2,0,-
BRDA:168,2,1,-
DA:169,0
DA:171,0
FN:175,OFTCoreV2._send
FNDA:0,OFTCoreV2._send
DA:184,0
DA:191,0
DA:192,0
DA:193,0
BRDA:193,3,0,-
BRDA:193,3,1,-
DA:195,0
DA:199,0
DA:208,0
FN:211,OFTCoreV2._sendAck
FNDA:0,OFTCoreV2._sendAck
DA:217,0
DA:218,0
BRDA:218,4,0,-
BRDA:218,4,1,-
DA:219,0
DA:222,0
DA:223,0
DA:225,0
FN:228,OFTCoreV2._sendAndCall
FNDA:3,OFTCoreV2._sendAndCall
DA:239,3
DA:246,2
DA:247,2
DA:251,2
DA:258,2
DA:267,1
FN:270,OFTCoreV2._sendAndCallAck
FNDA:0,OFTCoreV2._sendAndCallAck
DA:276,0
DA:282,0
DA:284,0
DA:285,0
DA:288,0
BRDA:288,5,0,-
BRDA:288,5,1,-
DA:289,0
DA:290,0
DA:293,0
BRDA:293,6,0,-
BRDA:293,6,1,-
DA:294,0
DA:295,0
DA:299,0
DA:300,0
DA:301,0
DA:302,0
DA:303,0
DA:304,0
DA:305,0
DA:306,0
DA:309,0
DA:310,0
DA:327,0
BRDA:327,7,0,-
BRDA:327,7,1,-
DA:328,0
DA:329,0
DA:332,0
FN:342,OFTCoreV2._isContract
FNDA:0,OFTCoreV2._isContract
DA:343,0
FN:346,OFTCoreV2._checkAdapterParams
FNDA:3,OFTCoreV2._checkAdapterParams
DA:352,3
BRDA:352,8,0,2
BRDA:352,8,1,1
DA:353,2
DA:355,1
BRDA:355,9,0,-
BRDA:355,9,1,1
FN:362,OFTCoreV2._ld2sd
FNDA:5,OFTCoreV2._ld2sd
DA:363,5
DA:364,5
BRDA:364,10,0,-
BRDA:364,10,1,5
DA:365,5
FN:368,OFTCoreV2._sd2ld
FNDA:0,OFTCoreV2._sd2ld
DA:369,0
FN:372,OFTCoreV2._removeDust
FNDA:2,OFTCoreV2._removeDust
DA:378,2
DA:379,2
FN:382,OFTCoreV2._encodeSendPayload
FNDA:0,OFTCoreV2._encodeSendPayload
DA:388,0
FN:391,OFTCoreV2._decodeSendPayload
FNDA:0,OFTCoreV2._decodeSendPayload
DA:397,0
BRDA:397,11,0,-
BRDA:397,11,1,-
DA:402,0
DA:403,0
FN:406,OFTCoreV2._encodeSendAndCallPayload
FNDA:5,OFTCoreV2._encodeSendAndCallPayload
DA:413,5
DA:414,5
FN:424,OFTCoreV2._decodeSendAndCallPayload
FNDA:0,OFTCoreV2._decodeSendAndCallPayload
DA:436,0
BRDA:436,12,0,-
BRDA:436,12,1,-
DA:441,0
DA:442,0
DA:443,0
DA:444,0
DA:445,0
FN:448,OFTCoreV2._addressToBytes32
FNDA:5,OFTCoreV2._addressToBytes32
DA:454,5
FNF:19
FNH:8
LF:84
LH:22
BRF:26
BRH:4
end_of_record
TN:
SF:contracts/layerzero/OFTV2.sol
FN:33,OFTV2.name
FNDA:0,OFTV2.name
DA:34,0
FN:38,OFTV2.symbol
FNDA:0,OFTV2.symbol
DA:39,0
FN:45,OFTV2.circulatingSupply
FNDA:0,OFTV2.circulatingSupply
DA:52,0
FN:55,OFTV2.token
FNDA:0,OFTV2.token
DA:56,0
FN:62,OFTV2._debitFrom
FNDA:2,OFTV2._debitFrom
DA:68,2
DA:69,2
BRDA:69,0,0,1
BRDA:69,0,1,2
DA:70,2
DA:71,2
FN:74,OFTV2._creditTo
FNDA:0,OFTV2._creditTo
DA:79,0
DA:80,0
FN:83,OFTV2._transferFrom
FNDA:0,OFTV2._transferFrom
DA:88,0
DA:90,0
BRDA:90,1,0,-
BRDA:90,1,1,-
DA:91,0
DA:92,0
DA:93,0
FN:96,OFTV2._ld2sdRate
FNDA:7,OFTV2._ld2sdRate
DA:97,7
FNF:8
FNH:2
LF:16
LH:5
BRF:4
BRH:2
end_of_record
TN:
SF:contracts/libraries/BytesLib.sol
FN:12,BytesLib.concat
FNDA:0,BytesLib.concat
DA:16,0
DA:21,0
DA:53,0
DA:58,0
DA:61,0
DA:86,0
FN:89,BytesLib.concatStorage
FNDA:0,BytesLib.concatStorage
FN:232,BytesLib.slice
FNDA:0,BytesLib.slice
DA:237,0
BRDA:237,0,0,-
BRDA:237,0,1,-
DA:238,0
BRDA:238,1,0,-
BRDA:238,1,1,-
DA:240,0
DA:303,0
FN:306,BytesLib.toAddress
FNDA:0,BytesLib.toAddress
DA:310,0
BRDA:310,2,0,-
BRDA:310,2,1,-
DA:311,0
DA:314,0
DA:320,0
FN:323,BytesLib.toUint8
FNDA:0,BytesLib.toUint8
DA:327,0
BRDA:327,3,0,-
BRDA:327,3,1,-
DA:328,0
DA:331,0
DA:334,0
FN:337,BytesLib.toUint16
FNDA:0,BytesLib.toUint16
DA:341,0
BRDA:341,4,0,-
BRDA:341,4,1,-
DA:342,0
DA:345,0
DA:348,0
FN:351,BytesLib.toUint32
FNDA:0,BytesLib.toUint32
DA:355,0
BRDA:355,5,0,-
BRDA:355,5,1,-
DA:356,0
DA:359,0
DA:362,0
FN:365,BytesLib.toUint64
FNDA:0,BytesLib.toUint64
DA:369,0
BRDA:369,6,0,-
BRDA:369,6,1,-
DA:370,0
DA:373,0
DA:376,0
FN:379,BytesLib.toUint96
FNDA:0,BytesLib.toUint96
DA:383,0
BRDA:383,7,0,-
BRDA:383,7,1,-
DA:384,0
DA:387,0
DA:390,0
FN:393,BytesLib.toUint128
FNDA:0,BytesLib.toUint128
DA:397,0
BRDA:397,8,0,-
BRDA:397,8,1,-
DA:398,0
DA:401,0
DA:404,0
FN:407,BytesLib.toUint256
FNDA:0,BytesLib.toUint256
DA:411,0
BRDA:411,9,0,-
BRDA:411,9,1,-
DA:412,0
DA:415,0
DA:418,0
FN:421,BytesLib.toBytes32
FNDA:0,BytesLib.toBytes32
DA:425,0
BRDA:425,10,0,-
BRDA:425,10,1,-
DA:426,0
DA:429,0
DA:432,0
FN:435,BytesLib.equal
FNDA:0,BytesLib.equal
DA:439,0
DA:478,0
FN:481,BytesLib.equalStorage
FNDA:0,BytesLib.equalStorage
DA:485,0
DA:551,0
FNF:14
FNH:0
LF:50
LH:0
BRF:22
BRH:0
end_of_record
TN:
SF:contracts/libraries/ERC165.sol
FN:25,ERC165.supportsInterface
FNDA:17636,ERC165.supportsInterface
DA:26,17636
FNF:1
FNH:1
LF:1
LH:1
BRF:0
BRH:0
end_of_record
TN:
SF:contracts/libraries/ERC165Checker.sol
FN:22,ERC165Checker.supportsERC165
FNDA:0,ERC165Checker.supportsERC165
DA:25,0
DA:26,0
DA:27,0
FN:36,ERC165Checker.supportsInterface
FNDA:0,ERC165Checker.supportsInterface
DA:38,0
FN:56,ERC165Checker.supportsERC165InterfaceUnchecked
FNDA:0,ERC165Checker.supportsERC165InterfaceUnchecked
DA:58,0
DA:61,0
DA:62,0
DA:63,0
DA:65,0
DA:66,0
DA:67,0
DA:70,0
FNF:3
FNH:0
LF:12
LH:0
BRF:0
BRH:0
end_of_record
TN:
SF:contracts/libraries/ERC20.sol
FN:127,ERC20.decimals
FNDA:0,ERC20.decimals
DA:128,0
FN:136,ERC20.totalSupply
FNDA:122,ERC20.totalSupply
DA:139,525
FN:144,ERC20.balanceOf
FNDA:16198,ERC20.balanceOf
DA:149,16747
FN:154,ERC20.allowance
FNDA:0,ERC20.allowance
DA:165,1
FN:172,ERC20.approve
FNDA:3128,ERC20.approve
DA:184,3128
FN:193,ERC20.transfer
FNDA:1916,ERC20.transfer
DA:194,1916
DA:203,1916
BRDA:203,0,0,-
DA:220,1916
DA:221,1916
FN:233,ERC20.transferFrom
FNDA:6728,ERC20.transferFrom
DA:234,6728
DA:244,6728
BRDA:244,1,0,1024
DA:246,6720
BRDA:246,2,0,1024
DA:258,5704
BRDA:258,3,0,-
DA:275,5704
DA:276,5704
FN:285,ERC20._constantNameHash
FNDA:0,ERC20._constantNameHash
FN:289,ERC20.nonces
FNDA:0,ERC20.nonces
DA:295,0
FN:303,ERC20.permit
FNDA:0,ERC20.permit
DA:312,0
DA:314,0
BRDA:314,4,0,-
BRDA:314,4,1,-
DA:318,0
BRDA:318,5,0,-
DA:324,0
DA:325,0
DA:357,0
BRDA:357,6,0,-
FN:375,ERC20.DOMAIN_SEPARATOR
FNDA:0,ERC20.DOMAIN_SEPARATOR
DA:376,0
DA:378,0
BRDA:378,7,0,-
BRDA:378,7,1,-
DA:387,0
FN:398,ERC20._mint
FNDA:5203,ERC20._mint
DA:399,5203
DA:405,5203
BRDA:405,8,0,-
DA:421,5203
FN:431,ERC20._burn
FNDA:1552,ERC20._burn
DA:432,1552
DA:441,1552
BRDA:441,9,0,-
DA:453,1552
FN:461,ERC20._transfer
FNDA:0,ERC20._transfer
DA:462,0
DA:471,0
BRDA:471,10,0,-
DA:488,0
FN:496,ERC20._spendAllowance
FNDA:1,ERC20._spendAllowance
DA:506,1
BRDA:506,11,0,-
DA:508,0
BRDA:508,12,0,-
FN:521,ERC20._approve
FNDA:0,ERC20._approve
FN:541,ERC20._beforeTokenTransfer
FNDA:15399,ERC20._beforeTokenTransfer
FN:545,ERC20._afterTokenTransfer
FNDA:14375,ERC20._afterTokenTransfer
FNF:18
FNH:10
LF:36
LH:21
BRF:15
BRH:2
end_of_record
TN:
SF:contracts/libraries/ERC4626.sol
FN:82,ERC4626._underlyingDecimals
FNDA:0,ERC4626._underlyingDecimals
DA:83,0
FN:91,ERC4626._decimalsOffset
FNDA:120,ERC4626._decimalsOffset
DA:92,0
FN:101,ERC4626._useVirtualShares
FNDA:120,ERC4626._useVirtualShares
DA:102,120
FN:108,ERC4626.decimals
FNDA:20,ERC4626.decimals
DA:109,120
BRDA:109,0,0,-
BRDA:109,0,1,120
DA:110,120
FN:127,ERC4626._tryGetAssetDecimals
FNDA:0,ERC4626._tryGetAssetDecimals
DA:137,0
DA:143,0
FN:156,ERC4626.totalAssets
FNDA:0,ERC4626.totalAssets
DA:157,0
FN:171,ERC4626.convertToShares
FNDA:0,ERC4626.convertToShares
DA:177,0
BRDA:177,1,0,-
BRDA:177,1,1,-
DA:178,0
DA:179,0
DA:180,0
DA:188,0
DA:189,0
BRDA:189,2,0,-
BRDA:189,2,1,-
DA:190,0
DA:191,0
DA:197,0
DA:198,0
FN:216,ERC4626.convertToAssets
FNDA:0,ERC4626.convertToAssets
DA:222,0
BRDA:222,3,0,-
BRDA:222,3,1,-
DA:223,0
DA:224,0
DA:225,0
DA:233,0
DA:234,0
BRDA:234,4,0,-
BRDA:234,4,1,-
DA:235,0
DA:236,0
DA:242,0
DA:243,0
FN:264,ERC4626.previewDeposit
FNDA:0,ERC4626.previewDeposit
DA:270,0
FN:287,ERC4626.previewMint
FNDA:0,ERC4626.previewMint
DA:293,0
BRDA:293,5,0,-
BRDA:293,5,1,-
DA:294,0
DA:295,0
DA:296,0
DA:304,0
DA:305,0
BRDA:305,6,0,-
BRDA:305,6,1,-
DA:306,0
DA:307,0
DA:313,0
DA:314,0
FN:335,ERC4626.previewWithdraw
FNDA:0,ERC4626.previewWithdraw
DA:341,0
BRDA:341,7,0,-
BRDA:341,7,1,-
DA:342,0
DA:343,0
DA:344,0
DA:352,0
DA:353,0
BRDA:353,8,0,-
BRDA:353,8,1,-
DA:354,0
DA:355,0
DA:361,0
DA:362,0
FN:383,ERC4626.previewRedeem
FNDA:0,ERC4626.previewRedeem
DA:389,0
FN:393,ERC4626._eitherIsZero
FNDA:0,ERC4626._eitherIsZero
DA:400,0
FN:405,ERC4626._inc
FNDA:0,ERC4626._inc
DA:407,0
FN:421,ERC4626.maxDeposit
FNDA:71,ERC4626.maxDeposit
DA:427,0
DA:428,71
FN:437,ERC4626.maxMint
FNDA:67,ERC4626.maxMint
DA:443,0
DA:444,67
FN:452,ERC4626.maxWithdraw
FNDA:0,ERC4626.maxWithdraw
DA:458,0
FN:467,ERC4626.maxRedeem
FNDA:0,ERC4626.maxRedeem
DA:473,11
FN:491,ERC4626.deposit
FNDA:0,ERC4626.deposit
DA:496,0
BRDA:496,9,0,-
BRDA:496,9,1,-
DA:497,0
DA:498,0
FN:512,ERC4626.mint
FNDA:0,ERC4626.mint
DA:517,0
BRDA:517,10,0,-
BRDA:517,10,1,-
DA:518,0
DA:519,0
FN:532,ERC4626.withdraw
FNDA:0,ERC4626.withdraw
DA:537,0
BRDA:537,11,0,-
BRDA:537,11,1,-
DA:538,0
DA:539,0
FN:552,ERC4626.redeem
FNDA:0,ERC4626.redeem
DA:557,0
BRDA:557,12,0,-
BRDA:557,12,1,-
DA:558,0
DA:559,0
FN:563,ERC4626._revert
FNDA:0,ERC4626._revert
FN:578,ERC4626._deposit
FNDA:0,ERC4626._deposit
DA:584,0
DA:585,0
DA:594,0
FN:600,ERC4626._withdraw
FNDA:0,ERC4626._withdraw
DA:607,0
BRDA:607,13,0,-
BRDA:607,13,1,-
DA:608,0
DA:609,0
DA:610,0
FN:633,ERC4626._initialConvertToShares
FNDA:121,ERC4626._initialConvertToShares
DA:639,121
FN:647,ERC4626._initialConvertToAssets
FNDA:0,ERC4626._initialConvertToAssets
DA:653,0
FN:661,ERC4626._beforeWithdraw
FNDA:1,ERC4626._beforeWithdraw
FN:667,ERC4626._afterDeposit
FNDA:2,ERC4626._afterDeposit
FNF:29
FNH:8
LF:79
LH:7
BRF:28
BRH:1
end_of_record
TN:
SF:contracts/libraries/ExcessivelySafeCall.sol
FN:23,ExcessivelySafeCall.excessivelySafeCall
FNDA:0,ExcessivelySafeCall.excessivelySafeCall
DA:30,0
DA:31,0
DA:32,0
DA:38,0
DA:48,0
DA:49,0
BRDA:49,0,0,-
DA:50,0
DA:57,0
FN:75,ExcessivelySafeCall.excessivelySafeStaticCall
FNDA:0,ExcessivelySafeCall.excessivelySafeStaticCall
DA:82,0
DA:83,0
DA:84,0
DA:90,0
DA:99,0
DA:100,0
BRDA:100,1,0,-
DA:101,0
DA:108,0
FN:120,ExcessivelySafeCall.swapSelector
FNDA:0,ExcessivelySafeCall.swapSelector
DA:124,0
BRDA:124,2,0,-
BRDA:124,2,1,-
DA:125,0
DA:131,0
DA:132,0
FNF:3
FNH:0
LF:20
LH:0
BRF:4
BRH:0
end_of_record
TN:
SF:contracts/libraries/FixedPointMathLib.sol
FN:54,FixedPointMathLib.mulWad
FNDA:0,FixedPointMathLib.mulWad
DA:58,0
BRDA:58,0,0,-
DA:64,0
FN:69,FixedPointMathLib.mulWadUp
FNDA:0,FixedPointMathLib.mulWadUp
DA:73,0
BRDA:73,1,0,-
DA:79,0
FN:84,FixedPointMathLib.divWad
FNDA:0,FixedPointMathLib.divWad
DA:88,0
BRDA:88,2,0,-
DA:94,0
FN:99,FixedPointMathLib.divWadUp
FNDA:0,FixedPointMathLib.divWadUp
DA:103,0
BRDA:103,3,0,-
DA:109,0
FN:115,FixedPointMathLib.powWad
FNDA:0,FixedPointMathLib.powWad
DA:117,0
FN:121,FixedPointMathLib.expWad
FNDA:0,FixedPointMathLib.expWad
DA:125,0
BRDA:125,4,0,-
BRDA:125,4,1,-
DA:131,0
BRDA:131,5,0,-
DA:142,0
DA:147,0
DA:149,0
DA:155,0
DA:156,0
DA:157,0
DA:158,0
DA:159,0
DA:162,0
DA:163,0
DA:164,0
DA:165,0
DA:166,0
DA:167,0
DA:174,0
DA:185,0
FN:194,FixedPointMathLib.lnWad
FNDA:0,FixedPointMathLib.lnWad
DA:198,0
BRDA:198,6,0,-
DA:212,0
DA:216,0
DA:217,0
DA:218,0
DA:222,0
DA:223,0
DA:224,0
DA:225,0
DA:226,0
DA:227,0
DA:230,0
DA:244,0
DA:245,0
DA:249,0
DA:250,0
DA:251,0
DA:252,0
DA:253,0
DA:254,0
DA:255,0
DA:259,0
DA:260,0
DA:261,0
DA:262,0
DA:263,0
DA:264,0
DA:265,0
DA:271,0
DA:283,0
DA:285,0
DA:289,0
DA:291,0
FN:302,FixedPointMathLib.fullMulDiv
FNDA:0,FixedPointMathLib.fullMulDiv
FN:394,FixedPointMathLib.fullMulDivUp
FNDA:0,FixedPointMathLib.fullMulDivUp
DA:399,0
DA:402,0
BRDA:402,7,0,-
DA:403,0
BRDA:403,8,0,-
DA:409,0
FN:416,FixedPointMathLib.mulDiv
FNDA:0,FixedPointMathLib.mulDiv
DA:424,0
BRDA:424,9,0,-
DA:430,0
FN:436,FixedPointMathLib.mulDivUp
FNDA:0,FixedPointMathLib.mulDivUp
DA:444,0
BRDA:444,10,0,-
DA:450,0
FN:456,FixedPointMathLib.divUp
FNDA:0,FixedPointMathLib.divUp
DA:459,0
BRDA:459,11,0,-
DA:465,0
FN:470,FixedPointMathLib.zeroFloorSub
FNDA:0,FixedPointMathLib.zeroFloorSub
DA:477,0
FN:482,FixedPointMathLib.sqrt
FNDA:0,FixedPointMathLib.sqrt
DA:486,0
DA:495,0
DA:496,0
DA:497,0
DA:498,0
DA:518,0
DA:521,0
DA:522,0
DA:523,0
DA:524,0
DA:525,0
DA:526,0
DA:527,0
DA:534,0
FN:541,FixedPointMathLib.cbrt
FNDA:0,FixedPointMathLib.cbrt
DA:545,0
DA:546,0
DA:547,0
DA:548,0
DA:550,0
DA:551,0
DA:553,0
DA:554,0
DA:555,0
DA:556,0
DA:557,0
DA:558,0
DA:559,0
DA:561,0
FN:566,FixedPointMathLib.factorial
FNDA:0,FixedPointMathLib.factorial
DA:569,0
BRDA:569,12,0,-
FN:588,FixedPointMathLib.log2
FNDA:0,FixedPointMathLib.log2
DA:591,0
BRDA:591,13,0,-
DA:598,0
DA:599,0
DA:600,0
DA:604,0
DA:605,0
DA:606,0
DA:607,0
DA:608,0
DA:609,0
DA:612,0
FN:623,FixedPointMathLib.log2Up
FNDA:0,FixedPointMathLib.log2Up
DA:625,0
DA:627,0
DA:629,0
FN:634,FixedPointMathLib.avg
FNDA:0,FixedPointMathLib.avg
DA:636,0
FN:641,FixedPointMathLib.avg
FNDA:0,FixedPointMathLib.avg
DA:643,0
FN:648,FixedPointMathLib.abs
FNDA:0,FixedPointMathLib.abs
DA:652,0
FN:657,FixedPointMathLib.dist
FNDA:0,FixedPointMathLib.dist
DA:661,0
FN:666,FixedPointMathLib.min
FNDA:0,FixedPointMathLib.min
DA:669,0
FN:674,FixedPointMathLib.min
FNDA:0,FixedPointMathLib.min
DA:677,0
FN:682,FixedPointMathLib.max
FNDA:0,FixedPointMathLib.max
DA:685,0
FN:690,FixedPointMathLib.max
FNDA:0,FixedPointMathLib.max
DA:693,0
FN:698,FixedPointMathLib.clamp
FNDA:0,FixedPointMathLib.clamp
DA:703,0
FN:707,FixedPointMathLib.clamp
FNDA:0,FixedPointMathLib.clamp
DA:712,0
FN:716,FixedPointMathLib.gcd
FNDA:0,FixedPointMathLib.gcd
FN:737,FixedPointMathLib.rawAdd
FNDA:0,FixedPointMathLib.rawAdd
DA:739,0
FN:744,FixedPointMathLib.rawAdd
FNDA:0,FixedPointMathLib.rawAdd
DA:746,0
FN:751,FixedPointMathLib.rawSub
FNDA:0,FixedPointMathLib.rawSub
DA:753,0
FN:758,FixedPointMathLib.rawSub
FNDA:0,FixedPointMathLib.rawSub
DA:760,0
FN:765,FixedPointMathLib.rawMul
FNDA:0,FixedPointMathLib.rawMul
DA:767,0
FN:772,FixedPointMathLib.rawMul
FNDA:0,FixedPointMathLib.rawMul
DA:774,0
FN:779,FixedPointMathLib.rawDiv
FNDA:0,FixedPointMathLib.rawDiv
DA:782,0
FN:787,FixedPointMathLib.rawSDiv
FNDA:0,FixedPointMathLib.rawSDiv
DA:790,0
FN:795,FixedPointMathLib.rawMod
FNDA:0,FixedPointMathLib.rawMod
DA:798,0
FN:803,FixedPointMathLib.rawSMod
FNDA:0,FixedPointMathLib.rawSMod
DA:806,0
FN:811,FixedPointMathLib.rawAddMod
FNDA:0,FixedPointMathLib.rawAddMod
DA:818,0
FN:823,FixedPointMathLib.rawMulMod
FNDA:0,FixedPointMathLib.rawMulMod
DA:830,0
FNF:41
FNH:0
LF:136
LH:0
BRF:15
BRH:0
end_of_record
TN:
SF:contracts/libraries/Math.sol
FN:8,Math.subMinZero
FNDA:0,Math.subMinZero
DA:9,0
FN:15,Math.changeDecimals
FNDA:0,Math.changeDecimals
DA:20,0
BRDA:20,0,0,-
BRDA:20,0,1,-
DA:21,0
DA:22,0
BRDA:22,1,0,-
BRDA:22,1,1,-
DA:23,0
DA:25,0
FN:31,Math.min
FNDA:0,Math.min
DA:32,0
FN:39,Math.mulWadDown
FNDA:0,Math.mulWadDown
DA:40,0
FN:43,Math.mulDivDown
FNDA:12,Math.mulDivDown
DA:50,12
DA:53,12
BRDA:53,2,0,-
DA:63,12
FN:67,Math.mulDivUp
FNDA:2,Math.mulDivUp
DA:74,2
DA:77,2
BRDA:77,3,0,-
DA:89,2
FN:94,Math.sqrt
FNDA:62,Math.sqrt
DA:95,62
BRDA:95,4,0,4689
BRDA:95,4,1,62
DA:96,62
DA:97,62
DA:98,4751
DA:99,4689
DA:100,4689
DA:102,0
BRDA:102,5,0,-
BRDA:102,5,1,-
DA:103,0
FNF:7
FNH:3
LF:22
LH:12
BRF:10
BRH:2
end_of_record
TN:
SF:contracts/libraries/SafeTransferLib.sol
FN:64,SafeTransferLib.safeTransferETH
FNDA:0,SafeTransferLib.safeTransferETH
DA:67,0
BRDA:67,0,0,-
FN:75,SafeTransferLib.safeTransferAllETH
FNDA:0,SafeTransferLib.safeTransferAllETH
DA:79,0
BRDA:79,1,0,-
FN:87,SafeTransferLib.forceSafeTransferETH
FNDA:0,SafeTransferLib.forceSafeTransferETH
DA:90,0
BRDA:90,2,0,-
DA:94,0
BRDA:94,3,0,-
DA:98,0
BRDA:98,4,0,-
FN:104,SafeTransferLib.forceSafeTransferAllETH
FNDA:0,SafeTransferLib.forceSafeTransferAllETH
DA:107,0
BRDA:107,5,0,-
DA:111,0
BRDA:111,6,0,-
FN:117,SafeTransferLib.forceSafeTransferETH
FNDA:8,SafeTransferLib.forceSafeTransferETH
DA:120,8
BRDA:120,7,0,3
DA:124,5
BRDA:124,8,0,-
DA:128,2
BRDA:128,9,0,-
FN:134,SafeTransferLib.forceSafeTransferAllETH
FNDA:0,SafeTransferLib.forceSafeTransferAllETH
DA:138,0
BRDA:138,10,0,-
DA:142,0
BRDA:142,11,0,-
FN:148,SafeTransferLib.trySafeTransferETH
FNDA:0,SafeTransferLib.trySafeTransferETH
DA:154,0
FN:159,SafeTransferLib.trySafeTransferAllETH
FNDA:0,SafeTransferLib.trySafeTransferAllETH
DA:165,0
FN:178,SafeTransferLib.safeTransferFrom
FNDA:7535,SafeTransferLib.safeTransferFrom
DA:187,7535
BRDA:187,12,0,1028
FN:206,SafeTransferLib.safeTransferAllFrom
FNDA:0,SafeTransferLib.safeTransferAllFrom
DA:217,0
BRDA:217,13,0,-
DA:227,0
DA:229,0
BRDA:229,14,0,-
FN:245,SafeTransferLib.safeTransfer
FNDA:9676,SafeTransferLib.safeTransfer
DA:252,9676
BRDA:252,15,0,5
FN:267,SafeTransferLib.safeTransferAll
FNDA:0,SafeTransferLib.safeTransferAll
DA:273,0
BRDA:273,16,0,-
DA:283,0
DA:286,0
BRDA:286,17,0,-
FN:301,SafeTransferLib.safeApprove
FNDA:808,SafeTransferLib.safeApprove
DA:308,808
BRDA:308,18,0,-
FN:325,SafeTransferLib.safeApproveWithRetry
FNDA:0,SafeTransferLib.safeApproveWithRetry
DA:332,0
BRDA:332,19,0,-
DA:343,0
BRDA:343,20,0,-
FN:359,SafeTransferLib.balanceOf
FNDA:0,SafeTransferLib.balanceOf
DA:364,0
FNF:15
FNH:4
LF:26
LH:6
BRF:21
BRH:3
end_of_record
TN:
SF:contracts/libraries/SwapperLib.sol
FN:35,SwapperLib.swap
FNDA:520,SwapperLib.swap
DA:36,520
DA:42,520
DA:43,520
DA:45,520
DA:49,520
DA:53,520
DA:55,520
BRDA:55,0,0,-
BRDA:55,0,1,520
DA:56,0
DA:59,520
DA:61,520
FN:75,SwapperLib.zap
FNDA:3,SwapperLib.zap
DA:76,3
DA:81,3
DA:82,3
BRDA:82,1,0,-
BRDA:82,1,1,3
DA:83,0
DA:85,3
DA:88,3
FN:95,SwapperLib._approveTokenIfNeeded
FNDA:572,SwapperLib._approveTokenIfNeeded
DA:100,572
BRDA:100,2,0,568
BRDA:100,2,1,572
DA:101,568
FN:108,SwapperLib._removeApprovalIfNeeded
FNDA:523,SwapperLib._removeApprovalIfNeeded
DA:110,523
DA:111,523
BRDA:109,3,0,-
BRDA:109,3,1,523
DA:113,0
FN:121,SwapperLib.propagateError
FNDA:523,SwapperLib.propagateError
DA:126,523
BRDA:126,4,0,-
BRDA:126,4,1,-
DA:127,0
BRDA:127,5,0,-
BRDA:127,5,1,-
FNF:5
FNH:5
LF:23
LH:19
BRF:12
BRH:5
end_of_record
TN:
SF:contracts/libraries/pendle/LogExpMath.sol
FN:92,LogExpMath.exp
FNDA:0,LogExpMath.exp
DA:94,0
BRDA:94,0,0,-
BRDA:94,0,1,-
DA:99,0
BRDA:99,1,0,-
BRDA:99,1,1,-
DA:103,0
DA:123,0
DA:124,0
BRDA:124,2,0,-
BRDA:124,2,1,-
DA:125,0
DA:126,0
DA:127,0
BRDA:127,3,0,-
BRDA:127,3,1,-
DA:128,0
DA:129,0
DA:131,0
DA:136,0
DA:140,0
DA:142,0
BRDA:142,4,0,-
BRDA:142,4,1,-
DA:143,0
DA:144,0
DA:146,0
BRDA:146,5,0,-
BRDA:146,5,1,-
DA:147,0
DA:148,0
DA:150,0
BRDA:150,6,0,-
BRDA:150,6,1,-
DA:151,0
DA:152,0
DA:154,0
BRDA:154,7,0,-
BRDA:154,7,1,-
DA:155,0
DA:156,0
DA:158,0
BRDA:158,8,0,-
BRDA:158,8,1,-
DA:159,0
DA:160,0
DA:162,0
BRDA:162,9,0,-
BRDA:162,9,1,-
DA:163,0
DA:164,0
DA:166,0
BRDA:166,10,0,-
BRDA:166,10,1,-
DA:167,0
DA:168,0
DA:170,0
BRDA:170,11,0,-
BRDA:170,11,1,-
DA:171,0
DA:172,0
DA:180,0
DA:181,0
DA:184,0
DA:185,0
DA:190,0
DA:191,0
DA:193,0
DA:194,0
DA:196,0
DA:197,0
DA:199,0
DA:200,0
DA:202,0
DA:203,0
DA:205,0
DA:206,0
DA:208,0
DA:209,0
DA:211,0
DA:212,0
DA:214,0
DA:215,0
DA:217,0
DA:218,0
DA:220,0
DA:221,0
DA:230,0
FN:237,LogExpMath.ln
FNDA:0,LogExpMath.ln
DA:240,0
BRDA:240,12,0,-
BRDA:240,12,1,-
DA:241,0
BRDA:241,13,0,-
BRDA:241,13,1,-
DA:242,0
DA:244,0
FN:254,LogExpMath.pow
FNDA:0,LogExpMath.pow
DA:256,0
BRDA:256,14,0,-
BRDA:256,14,1,-
DA:258,0
DA:261,0
BRDA:261,15,0,-
BRDA:261,15,1,-
DA:262,0
DA:270,0
BRDA:270,16,0,-
BRDA:270,16,1,-
DA:271,0
DA:277,0
BRDA:277,17,0,-
BRDA:277,17,1,-
DA:278,0
DA:280,0
DA:281,0
BRDA:281,18,0,-
BRDA:281,18,1,-
DA:282,0
DA:288,0
DA:293,0
DA:295,0
DA:298,0
BRDA:298,19,0,-
BRDA:298,19,1,-
DA:304,0
FN:311,LogExpMath._ln
FNDA:0,LogExpMath._ln
DA:313,0
BRDA:313,20,0,-
BRDA:313,20,1,-
DA:317,0
DA:335,0
DA:336,0
BRDA:336,21,0,-
BRDA:336,21,1,-
DA:337,0
DA:338,0
DA:341,0
BRDA:341,22,0,-
BRDA:341,22,1,-
DA:342,0
DA:343,0
DA:347,0
DA:348,0
DA:352,0
BRDA:352,23,0,-
BRDA:352,23,1,-
DA:353,0
DA:354,0
DA:357,0
BRDA:357,24,0,-
BRDA:357,24,1,-
DA:358,0
DA:359,0
DA:362,0
BRDA:362,25,0,-
BRDA:362,25,1,-
DA:363,0
DA:364,0
DA:367,0
BRDA:367,26,0,-
BRDA:367,26,1,-
DA:368,0
DA:369,0
DA:372,0
BRDA:372,27,0,-
BRDA:372,27,1,-
DA:373,0
DA:374,0
DA:377,0
BRDA:377,28,0,-
BRDA:377,28,1,-
DA:378,0
DA:379,0
DA:382,0
BRDA:382,29,0,-
BRDA:382,29,1,-
DA:383,0
DA:384,0
DA:387,0
BRDA:387,30,0,-
BRDA:387,30,1,-
DA:388,0
DA:389,0
DA:392,0
BRDA:392,31,0,-
BRDA:392,31,1,-
DA:393,0
DA:394,0
DA:397,0
BRDA:397,32,0,-
BRDA:397,32,1,-
DA:398,0
DA:399,0
DA:409,0
DA:410,0
DA:413,0
DA:416,0
DA:419,0
DA:420,0
DA:422,0
DA:423,0
DA:425,0
DA:426,0
DA:428,0
DA:429,0
DA:431,0
DA:432,0
DA:437,0
DA:443,0
FN:453,LogExpMath._ln_36
FNDA:0,LogExpMath._ln_36
DA:459,0
DA:466,0
DA:467,0
DA:470,0
DA:473,0
DA:476,0
DA:477,0
DA:479,0
DA:480,0
DA:482,0
DA:483,0
DA:485,0
DA:486,0
DA:488,0
DA:489,0
DA:491,0
DA:492,0
DA:494,0
DA:495,0
DA:500,0
FNF:5
FNH:0
LF:161
LH:0
BRF:66
BRH:0
end_of_record
TN:
SF:contracts/libraries/pendle/MarketMathCore.sol
FN:54,MarketMathCore.addLiquidity
FNDA:0,MarketMathCore.addLiquidity
DA:69,0
DA:74,0
DA:81,0
DA:82,0
DA:83,0
DA:84,0
FN:87,MarketMathCore.removeLiquidity
FNDA:0,MarketMathCore.removeLiquidity
DA:91,0
DA:96,0
DA:97,0
FN:100,MarketMathCore.swapExactPtForSy
FNDA:0,MarketMathCore.swapExactPtForSy
DA:114,0
DA:118,0
DA:120,0
DA:121,0
DA:122,0
FN:125,MarketMathCore.swapSyForExactPt
FNDA:0,MarketMathCore.swapSyForExactPt
DA:139,0
DA:143,0
DA:145,0
DA:146,0
DA:147,0
FN:154,MarketMathCore.addLiquidityCore
FNDA:0,MarketMathCore.addLiquidityCore
DA:172,0
BRDA:172,0,0,-
BRDA:172,0,1,-
DA:173,0
DA:174,0
BRDA:174,1,0,-
BRDA:174,1,1,-
DA:175,0
DA:180,0
BRDA:180,2,0,-
BRDA:180,2,1,-
DA:181,0
DA:184,0
DA:185,0
DA:186,0
DA:188,0
DA:189,0
DA:190,0
BRDA:190,3,0,-
BRDA:190,3,1,-
DA:191,0
DA:192,0
DA:193,0
DA:195,0
DA:196,0
DA:197,0
DA:201,0
BRDA:201,4,0,-
BRDA:201,4,1,-
DA:206,0
DA:207,0
DA:208,0
FN:211,MarketMathCore.removeLiquidityCore
FNDA:0,MarketMathCore.removeLiquidityCore
DA:218,0
BRDA:218,5,0,-
BRDA:218,5,1,-
DA:223,0
DA:224,0
DA:226,0
BRDA:226,6,0,-
BRDA:226,6,1,-
DA:227,0
DA:232,0
DA:233,0
DA:234,0
FN:237,MarketMathCore.executeTradeCore
FNDA:0,MarketMathCore.executeTradeCore
DA:250,0
BRDA:250,7,0,-
BRDA:250,7,1,-
DA:251,0
DA:252,0
BRDA:252,8,0,-
BRDA:252,8,1,-
DA:253,0
DA:261,0
DA:267,0
DA:277,0
FN:288,MarketMathCore.getMarketPreCompute
FNDA:0,MarketMathCore.getMarketPreCompute
DA:293,0
BRDA:293,9,0,-
BRDA:293,9,1,-
DA:294,0
DA:296,0
DA:298,0
DA:299,0
DA:301,0
BRDA:301,10,0,-
BRDA:301,10,1,-
DA:302,0
DA:307,0
DA:314,0
FN:320,MarketMathCore.calcTrade
FNDA:0,MarketMathCore.calcTrade
DA:330,0
DA:338,0
DA:341,0
DA:343,0
BRDA:343,11,0,-
BRDA:343,11,1,-
DA:344,0
DA:345,0
BRDA:345,12,0,-
BRDA:345,12,1,-
DA:346,0
DA:348,0
DA:350,0
DA:353,0
DA:355,0
DA:357,0
DA:360,0
DA:361,0
FN:364,MarketMathCore._setNewMarketStateTrade
FNDA:0,MarketMathCore._setNewMarketStateTrade
DA:373,0
DA:375,0
DA:376,0
DA:380,0
DA:388,0
BRDA:388,13,0,-
BRDA:388,13,1,-
DA:389,0
FN:392,MarketMathCore._getRateAnchor
FNDA:0,MarketMathCore._getRateAnchor
DA:399,0
DA:404,0
BRDA:404,14,0,-
BRDA:404,14,1,-
DA:405,0
DA:408,0
DA:410,0
DA:412,0
FN:418,MarketMathCore._getLnImpliedRate
FNDA:0,MarketMathCore._getLnImpliedRate
DA:426,0
DA:435,0
DA:437,0
FN:442,MarketMathCore._getExchangeRateFromImpliedRate
FNDA:0,MarketMathCore._getExchangeRateFromImpliedRate
DA:446,0
DA:448,0
FN:451,MarketMathCore._getExchangeRate
FNDA:0,MarketMathCore._getExchangeRate
DA:458,0
DA:460,0
DA:462,0
BRDA:462,15,0,-
BRDA:462,15,1,-
DA:463,0
DA:468,0
DA:470,0
DA:472,0
BRDA:472,16,0,-
BRDA:472,16,1,-
DA:473,0
FN:476,MarketMathCore._logProportion
FNDA:0,MarketMathCore._logProportion
DA:479,0
BRDA:479,17,0,-
BRDA:479,17,1,-
DA:480,0
DA:482,0
DA:484,0
FN:487,MarketMathCore._getRateScalar
FNDA:0,MarketMathCore._getRateScalar
DA:491,0
DA:494,0
BRDA:494,18,0,-
BRDA:494,18,1,-
DA:495,0
FN:498,MarketMathCore.setInitialLnImpliedRate
FNDA:0,MarketMathCore.setInitialLnImpliedRate
DA:507,0
BRDA:507,19,0,-
BRDA:507,19,1,-
DA:508,0
DA:513,0
DA:514,0
DA:515,0
DA:520,0
FNF:17
FNH:0
LF:117
LH:0
BRF:40
BRH:0
end_of_record
TN:
SF:contracts/libraries/pendle/Math.sol
FN:23,Math.subMax0
FNDA:0,Math.subMax0
DA:25,0
FN:29,Math.subNoNeg
FNDA:0,Math.subNoNeg
DA:30,0
BRDA:30,0,0,-
BRDA:30,0,1,-
DA:31,0
FN:34,Math.mulDown
FNDA:0,Math.mulDown
DA:35,0
DA:37,0
FN:41,Math.mulDown
FNDA:0,Math.mulDown
DA:42,0
DA:44,0
FN:48,Math.divDown
FNDA:0,Math.divDown
DA:49,0
DA:51,0
FN:55,Math.divDown
FNDA:0,Math.divDown
DA:56,0
DA:58,0
FN:62,Math.rawDivUp
FNDA:0,Math.rawDivUp
DA:63,0
FN:67,Math.sqrt
FNDA:0,Math.sqrt
DA:68,0
BRDA:68,1,0,-
BRDA:68,1,1,-
DA:69,0
DA:70,0
DA:71,0
DA:72,0
DA:73,0
DA:75,0
BRDA:75,2,0,-
BRDA:75,2,1,-
DA:76,0
FN:80,Math.square
FNDA:0,Math.square
DA:81,0
FN:84,Math.abs
FNDA:0,Math.abs
DA:85,0
FN:88,Math.neg
FNDA:0,Math.neg
DA:89,0
FN:92,Math.neg
FNDA:0,Math.neg
DA:93,0
FN:96,Math.max
FNDA:0,Math.max
DA:97,0
FN:100,Math.max
FNDA:0,Math.max
DA:101,0
FN:104,Math.min
FNDA:0,Math.min
DA:105,0
FN:108,Math.min
FNDA:0,Math.min
DA:109,0
FN:116,Math.Int
FNDA:0,Math.Int
DA:117,0
BRDA:117,3,0,-
BRDA:117,3,1,-
DA:118,0
FN:121,Math.Int128
FNDA:0,Math.Int128
DA:122,0
BRDA:122,4,0,-
BRDA:122,4,1,-
DA:123,0
FN:126,Math.Int128
FNDA:0,Math.Int128
DA:127,0
FN:134,Math.Uint
FNDA:0,Math.Uint
DA:135,0
BRDA:135,5,0,-
BRDA:135,5,1,-
DA:136,0
FN:139,Math.Uint32
FNDA:0,Math.Uint32
DA:140,0
BRDA:140,6,0,-
BRDA:140,6,1,-
DA:141,0
FN:144,Math.Uint112
FNDA:0,Math.Uint112
DA:145,0
BRDA:145,7,0,-
BRDA:145,7,1,-
DA:146,0
FN:149,Math.Uint96
FNDA:0,Math.Uint96
DA:150,0
BRDA:150,8,0,-
BRDA:150,8,1,-
DA:151,0
FN:154,Math.Uint128
FNDA:0,Math.Uint128
DA:155,0
BRDA:155,9,0,-
BRDA:155,9,1,-
DA:156,0
FN:159,Math.isAApproxB
FNDA:0,Math.isAApproxB
DA:164,0
FN:167,Math.isAGreaterApproxB
FNDA:0,Math.isAGreaterApproxB
DA:172,0
FN:175,Math.isASmallerApproxB
FNDA:0,Math.isASmallerApproxB
DA:180,0
FNF:27
FNH:0
LF:46
LH:0
BRF:20
BRH:0
end_of_record
TN:
SF:contracts/libraries/pendle/MiniHelpers.sol
FN:5,MiniHelpers.isCurrentlyExpired
FNDA:0,MiniHelpers.isCurrentlyExpired
DA:6,0
FN:9,MiniHelpers.isExpired
FNDA:0,MiniHelpers.isExpired
DA:13,0
FN:16,MiniHelpers.isTimeInThePast
FNDA:0,MiniHelpers.isTimeInThePast
DA:17,0
FNF:3
FNH:0
LF:3
LH:0
BRF:0
BRH:0
end_of_record
TN:
SF:contracts/libraries/pendle/PYIndex.sol
FN:15,PYIndexLib.newIndex
FNDA:0,PYIndexLib.newIndex
DA:16,0
FN:19,PYIndexLib.syToAsset
FNDA:0,PYIndexLib.syToAsset
DA:23,0
FN:26,PYIndexLib.assetToSy
FNDA:0,PYIndexLib.assetToSy
DA:30,0
FN:33,PYIndexLib.assetToSyUp
FNDA:0,PYIndexLib.assetToSyUp
DA:37,0
FN:40,PYIndexLib.syToAssetUp
FNDA:0,PYIndexLib.syToAssetUp
DA:44,0
DA:45,0
FN:48,PYIndexLib.syToAsset
FNDA:0,PYIndexLib.syToAsset
DA:52,0
DA:53,0
DA:54,0
DA:55,0
FN:58,PYIndexLib.assetToSy
FNDA:0,PYIndexLib.assetToSy
DA:62,0
DA:63,0
DA:64,0
DA:65,0
FN:69,PYIndexLib.assetToSyUp
FNDA:0,PYIndexLib.assetToSyUp
DA:73,0
DA:74,0
DA:75,0
DA:76,0
FNF:8
FNH:0
LF:18
LH:0
BRF:0
BRH:0
end_of_record
TN:
SF:contracts/libraries/pendle/PendleLpOracleLib.sol
FN:21,PendleLpOracleLib.getLpToAssetRate
FNDA:0,PendleLpOracleLib.getLpToAssetRate
DA:25,0
DA:26,0
DA:28,0
DA:29,0
BRDA:29,0,0,-
BRDA:29,0,1,-
DA:31,0
DA:33,0
DA:38,0
DA:42,0
DA:47,0
DA:53,0
FN:57,PendleLpOracleLib._getMarketPreCompute
FNDA:0,PendleLpOracleLib._getMarketPreCompute
DA:61,0
DA:62,0
FN:68,PendleLpOracleLib._getPYIndexCurrent
FNDA:0,PendleLpOracleLib._getPYIndexCurrent
DA:71,0
DA:72,0
DA:73,0
DA:75,0
DA:76,0
BRDA:74,1,0,-
BRDA:74,1,1,-
DA:78,0
DA:80,0
DA:81,0
DA:83,0
FN:86,PendleLpOracleLib._getPtRates
FNDA:0,PendleLpOracleLib._getPtRates
DA:91,0
DA:94,0
DA:98,0
FN:101,PendleLpOracleLib._calcLpPrice
FNDA:0,PendleLpOracleLib._calcLpPrice
DA:105,0
FNF:5
FNH:0
LF:25
LH:0
BRF:4
BRH:0
end_of_record
TN:
SF:contracts/libraries/pendle/PendlePtOracleLib.sol
FN:15,PendlePtOracleLib.getPtToAssetRate
FNDA:0,PendlePtOracleLib.getPtToAssetRate
DA:19,0
DA:20,0
BRDA:20,0,0,-
BRDA:20,0,1,-
DA:21,0
DA:23,0
DA:24,0
DA:25,0
DA:32,0
FN:35,PendlePtOracleLib._getMarketLnImpliedRate
FNDA:0,PendlePtOracleLib._getMarketLnImpliedRate
DA:39,0
DA:40,0
DA:42,0
DA:43,0
DA:44,0
FN:48,PendlePtOracleLib._getPtToAssetRatePostExpiry
FNDA:0,PendlePtOracleLib._getPtToAssetRatePostExpiry
DA:51,0
DA:53,0
DA:54,0
DA:57,0
DA:58,0
BRDA:56,1,0,-
BRDA:56,1,1,-
DA:60,0
DA:62,0
DA:65,0
FNF:3
FNH:0
LF:20
LH:0
BRF:4
BRH:0
end_of_record
TN:
SF:contracts/libraries/pendle/SYUtils.sol
FN:7,SYUtils.syToAsset
FNDA:0,SYUtils.syToAsset
DA:11,0
FN:14,SYUtils.syToAssetUp
FNDA:0,SYUtils.syToAssetUp
DA:18,0
FN:21,SYUtils.assetToSy
FNDA:0,SYUtils.assetToSy
DA:25,0
FN:28,SYUtils.assetToSyUp
FNDA:0,SYUtils.assetToSyUp
DA:32,0
FNF:4
FNH:0
LF:4
LH:0
BRF:0
BRH:0
end_of_record
TN:
SF:contracts/libraries/redstone/BitmapLib.sol
FN:6,BitmapLib.setBitInBitmap
FNDA:0,BitmapLib.setBitInBitmap
DA:10,0
FN:13,BitmapLib.getBitFromBitmap
FNDA:0,BitmapLib.getBitFromBitmap
DA:17,0
DA:18,0
FNF:2
FNH:0
LF:3
LH:0
BRF:0
BRH:0
end_of_record
TN:
SF:contracts/libraries/redstone/CalldataExtractor.sol
FN:22,CalldataExtractor.extractTimestampsAndAssertAllAreEqual
FNDA:0,CalldataExtractor.extractTimestampsAndAssertAllAreEqual
DA:27,0
DA:28,0
DA:32,0
BRDA:32,0,0,-
BRDA:32,0,1,-
DA:33,0
DA:36,0
DA:38,0
DA:39,0
DA:40,0
DA:42,0
DA:47,0
DA:48,0
DA:50,0
DA:53,0
DA:56,0
BRDA:56,1,0,-
BRDA:56,1,1,-
DA:57,0
DA:60,0
BRDA:60,2,0,-
BRDA:60,2,1,-
DA:61,0
DA:62,0
BRDA:62,3,0,-
BRDA:62,3,1,-
DA:63,0
DA:66,0
FN:70,CalldataExtractor._getDataPackageByteSize
FNDA:0,CalldataExtractor._getDataPackageByteSize
DA:73,0
DA:76,0
DA:78,0
DA:79,0
FN:84,CalldataExtractor._extractByteSizeOfUnsignedMetadata
FNDA:0,CalldataExtractor._extractByteSizeOfUnsignedMetadata
DA:90,0
DA:95,0
DA:100,0
BRDA:100,4,0,-
BRDA:100,4,1,-
DA:101,0
DA:105,0
DA:106,0
BRDA:106,5,0,-
BRDA:106,5,1,-
DA:107,0
DA:110,0
DA:114,0
DA:118,0
BRDA:117,6,0,-
BRDA:117,6,1,-
DA:120,0
DA:122,0
FN:126,CalldataExtractor._extractDataPackagesCountFromCalldata
FNDA:0,CalldataExtractor._extractDataPackagesCountFromCalldata
DA:129,0
DA:131,0
BRDA:131,7,0,-
BRDA:131,7,1,-
DA:132,0
DA:135,0
DA:139,0
FN:142,CalldataExtractor._extractDataPointValueAndDataFeedId
FNDA:0,CalldataExtractor._extractDataPointValueAndDataFeedId
DA:152,0
DA:154,0
DA:159,0
DA:163,0
DA:164,0
FN:170,CalldataExtractor._extractDataPointsDetailsForDataPackage
FNDA:0,CalldataExtractor._extractDataPointsDetailsForDataPackage
DA:178,0
DA:181,0
DA:184,0
DA:186,0
DA:190,0
DA:194,0
DA:196,0
DA:200,0
DA:201,0
FNF:6
FNH:0
LF:55
LH:0
BRF:16
BRH:0
end_of_record
TN:
SF:contracts/libraries/redstone/NumericArrayLib.sol
FN:17,NumericArrayLib.pickMedian
FNDA:0,NumericArrayLib.pickMedian
DA:18,0
BRDA:18,0,0,-
BRDA:18,0,1,-
DA:19,0
DA:21,0
DA:22,0
DA:23,0
BRDA:23,1,0,-
BRDA:23,1,1,-
DA:24,0
DA:25,0
DA:27,0
FN:31,NumericArrayLib.sort
FNDA:0,NumericArrayLib.sort
FNF:2
FNH:0
LF:8
LH:0
BRF:4
BRH:0
end_of_record
TN:
SF:contracts/libraries/redstone/RedstoneDefaultsLib.sol
FN:24,RedstoneDefaultsLib.validateTimestamp
FNDA:0,RedstoneDefaultsLib.validateTimestamp
DA:33,0
DA:36,0
BRDA:36,0,0,-
BRDA:36,0,1,-
DA:38,0
BRDA:37,1,0,-
BRDA:37,1,1,-
DA:41,0
DA:47,0
BRDA:46,2,0,-
BRDA:46,2,1,-
DA:50,0
FN:57,RedstoneDefaultsLib.aggregateValues
FNDA:0,RedstoneDefaultsLib.aggregateValues
DA:60,0
FNF:2
FNH:0
LF:7
LH:0
BRF:6
BRH:0
end_of_record
TN:
SF:contracts/libraries/redstone/SignatureLib.sol
FN:9,SignatureLib.recoverSignerAddress
FNDA:0,SignatureLib.recoverSignerAddress
DA:13,0
DA:14,0
DA:15,0
DA:21,0
DA:22,0
DA:26,0
DA:27,0
DA:31,0
DA:33,0
FNF:1
FNH:0
LF:9
LH:0
BRF:0
BRH:0
end_of_record
TN:
SF:contracts/market/collateral/AuraCToken.sol
FN:122,AuraCToken.reQueryRewardTokens
FNDA:0,AuraCToken.reQueryRewardTokens
DA:123,0
DA:127,0
DA:130,0
DA:131,0
DA:133,0
DA:134,0
DA:136,0
DA:140,0
BRDA:140,0,0,-
BRDA:140,0,1,-
DA:141,0
FN:147,AuraCToken.reQueryUnderlyingTokens
FNDA:0,AuraCToken.reQueryUnderlyingTokens
DA:148,0
DA:149,0
DA:150,0
DA:152,0
DA:156,0
DA:159,0
DA:161,0
DA:162,0
DA:164,0
FN:178,AuraCToken.harvest
FNDA:0,AuraCToken.harvest
DA:181,0
BRDA:181,1,0,-
BRDA:181,1,1,-
DA:182,0
DA:185,0
BRDA:185,2,0,-
BRDA:185,2,1,-
DA:186,0
DA:190,0
DA:193,0
BRDA:193,3,0,-
BRDA:193,3,1,-
DA:194,0
DA:197,0
DA:200,0
DA:202,0
DA:207,0
DA:208,0
DA:209,0
DA:210,0
DA:212,0
DA:213,0
DA:215,0
DA:216,0
DA:217,0
DA:221,0
BRDA:221,4,0,-
BRDA:221,4,1,-
DA:222,0
DA:226,0
DA:227,0
DA:228,0
DA:235,0
BRDA:235,5,0,-
BRDA:235,5,1,-
DA:237,0
BRDA:236,6,0,-
BRDA:236,6,1,-
DA:239,0
DA:245,0
DA:253,0
DA:254,0
DA:255,0
DA:258,0
DA:260,0
DA:261,0
DA:262,0
DA:263,0
DA:267,0
DA:275,0
DA:295,0
DA:296,0
DA:299,0
DA:304,0
FN:313,AuraCToken._afterDeposit
FNDA:216,AuraCToken._afterDeposit
DA:314,216
DA:315,216
DA:316,216
FN:321,AuraCToken._beforeWithdraw
FNDA:6,AuraCToken._beforeWithdraw
DA:322,6
FN:327,AuraCToken._getRealPositionBalance
FNDA:0,AuraCToken._getRealPositionBalance
DA:333,0
FNF:6
FNH:2
LF:65
LH:4
BRF:14
BRH:0
end_of_record
TN:
SF:contracts/market/collateral/CTokenBase.sol
FN:115,CTokenBase.depositAsCollateral
FNDA:2,CTokenBase.depositAsCollateral
DA:119,2
DA:121,2
DA:122,2
BRDA:120,0,0,-
BRDA:120,0,1,2
DA:124,2
FN:133,CTokenBase.mintAsCollateral
FNDA:0,CTokenBase.mintAsCollateral
DA:137,0
DA:139,0
DA:140,0
BRDA:138,1,0,-
BRDA:138,1,1,-
DA:142,0
FN:152,CTokenBase.withdrawCollateral
FNDA:0,CTokenBase.withdrawCollateral
DA:157,0
FN:166,CTokenBase.redeemCollateral
FNDA:0,CTokenBase.redeemCollateral
DA:171,0
FN:178,CTokenBase.initiateShutdown
FNDA:0,CTokenBase.initiateShutdown
DA:179,0
DA:181,0
BRDA:181,2,0,-
BRDA:181,2,1,-
DA:182,0
DA:185,0
DA:187,0
FN:192,CTokenBase.liftShutdown
FNDA:0,CTokenBase.liftShutdown
DA:194,0
DA:196,0
BRDA:196,3,0,-
BRDA:196,3,1,-
DA:198,0
DA:201,0
DA:202,0
FN:208,CTokenBase.setLendtroller
FNDA:1,CTokenBase.setLendtroller
DA:209,1
DA:211,1
FN:215,CTokenBase.startMarket
FNDA:0,CTokenBase.startMarket
FN:220,CTokenBase.balanceOfUnderlyingSafe
FNDA:0,CTokenBase.balanceOfUnderlyingSafe
DA:223,0
FN:229,CTokenBase.balanceOfUnderlying
FNDA:0,CTokenBase.balanceOfUnderlying
DA:232,0
FN:237,CTokenBase.exchangeRateSafe
FNDA:0,CTokenBase.exchangeRateSafe
DA:238,0
FN:243,CTokenBase.exchangeRateCached
FNDA:143,CTokenBase.exchangeRateCached
DA:244,143
FN:254,CTokenBase.getSnapshot
FNDA:4,CTokenBase.getSnapshot
DA:257,4
FN:264,CTokenBase.getSnapshotPacked
FNDA:100,CTokenBase.getSnapshotPacked
DA:267,100
FN:281,CTokenBase.rescueToken
FNDA:0,CTokenBase.rescueToken
DA:282,0
DA:283,0
DA:285,0
BRDA:285,4,0,-
BRDA:285,4,1,-
DA:286,0
BRDA:286,5,0,-
BRDA:286,5,1,-
DA:287,0
DA:290,0
DA:292,0
BRDA:292,6,0,-
BRDA:292,6,1,-
DA:293,0
DA:296,0
BRDA:296,7,0,-
BRDA:296,7,1,-
DA:297,0
DA:300,0
FN:309,CTokenBase.name
FNDA:0,CTokenBase.name
DA:310,0
FN:314,CTokenBase.symbol
FNDA:0,CTokenBase.symbol
DA:315,0
FN:319,CTokenBase.asset
FNDA:2,CTokenBase.asset
DA:320,514
FN:324,CTokenBase.underlying
FNDA:498,CTokenBase.underlying
DA:325,498
FN:329,CTokenBase.vaultStatus
FNDA:0,CTokenBase.vaultStatus
DA:330,0
FN:333,CTokenBase.maxDeposit
FNDA:0,CTokenBase.maxDeposit
DA:336,71
FN:339,CTokenBase.maxMint
FNDA:0,CTokenBase.maxMint
DA:342,67
FN:351,CTokenBase.deposit
FNDA:69,CTokenBase.deposit
DA:355,69
FN:362,CTokenBase.mint
FNDA:67,CTokenBase.mint
DA:366,67
FN:375,CTokenBase.withdraw
FNDA:4,CTokenBase.withdraw
DA:380,4
FN:389,CTokenBase.redeem
FNDA:11,CTokenBase.redeem
DA:394,11
FN:401,CTokenBase.transfer
FNDA:7,CTokenBase.transfer
DA:406,7
DA:409,4
DA:410,4
DA:412,4
DA:413,4
DA:415,4
FN:423,CTokenBase.transferFrom
FNDA:0,CTokenBase.transferFrom
DA:429,0
DA:432,0
DA:433,0
DA:435,0
DA:436,0
DA:438,0
FN:448,CTokenBase.seize
FNDA:10,CTokenBase.seize
DA:456,10
BRDA:456,8,0,-
DA:464,10
DA:465,10
DA:468,10
DA:469,10
DA:471,10
DA:472,10
DA:474,10
BRDA:474,9,0,-
BRDA:474,9,1,8
DA:475,8
DA:476,8
DA:477,8
FN:489,CTokenBase.seizeAccountLiquidation
FNDA:0,CTokenBase.seizeAccountLiquidation
DA:499,0
BRDA:499,10,0,-
BRDA:499,10,1,-
DA:500,0
DA:503,0
DA:504,0
DA:507,0
DA:508,0
FN:512,CTokenBase.isCToken
FNDA:347,CTokenBase.isCToken
DA:513,347
FN:516,CTokenBase.supportsInterface
FNDA:0,CTokenBase.supportsInterface
DA:517,0
DA:518,0
FN:523,CTokenBase.totalAssetsSafe
FNDA:0,CTokenBase.totalAssetsSafe
DA:526,0
FN:529,CTokenBase.totalAssets
FNDA:0,CTokenBase.totalAssets
DA:531,35
FN:536,CTokenBase.convertToShares
FNDA:0,CTokenBase.convertToShares
DA:539,0
FN:546,CTokenBase.convertToSharesSafe
FNDA:0,CTokenBase.convertToSharesSafe
DA:549,0
FN:554,CTokenBase.convertToAssets
FNDA:0,CTokenBase.convertToAssets
DA:557,247
FN:564,CTokenBase.convertToAssetsSafe
FNDA:0,CTokenBase.convertToAssetsSafe
DA:567,0
FN:572,CTokenBase.previewDeposit
FNDA:0,CTokenBase.previewDeposit
DA:575,0
FN:580,CTokenBase.previewMint
FNDA:0,CTokenBase.previewMint
DA:583,0
FN:588,CTokenBase.previewWithdraw
FNDA:0,CTokenBase.previewWithdraw
DA:591,0
FN:596,CTokenBase.previewRedeem
FNDA:0,CTokenBase.previewRedeem
DA:599,0
FN:604,CTokenBase._transferFromWithoutAllowance
FNDA:18,CTokenBase._transferFromWithoutAllowance
DA:617,18
BRDA:617,11,0,-
FN:644,CTokenBase._setLendtroller
FNDA:1,CTokenBase._setLendtroller
DA:646,1
BRDA:646,12,0,-
BRDA:646,12,1,1
DA:647,0
DA:651,1
DA:654,1
DA:656,1
FN:664,CTokenBase._startMarket
FNDA:121,CTokenBase._startMarket
DA:665,121
BRDA:665,13,0,-
BRDA:665,13,1,121
DA:666,0
DA:669,121
DA:670,121
DA:672,121
DA:676,121
DA:678,121
DA:679,121
DA:695,121
DA:696,121
FN:700,CTokenBase._underlyingDecimals
FNDA:120,CTokenBase._underlyingDecimals
DA:701,120
FN:704,CTokenBase._convertToShares
FNDA:71,CTokenBase._convertToShares
DA:708,71
DA:710,71
FN:715,CTokenBase._convertToAssets
FNDA:260,CTokenBase._convertToAssets
DA:719,260
DA:721,260
FN:726,CTokenBase._previewDeposit
FNDA:71,CTokenBase._previewDeposit
DA:730,71
FN:733,CTokenBase._previewMint
FNDA:67,CTokenBase._previewMint
DA:737,67
DA:739,67
FN:742,CTokenBase._previewWithdraw
FNDA:5,CTokenBase._previewWithdraw
DA:746,5
DA:748,5
FN:751,CTokenBase._previewRedeem
FNDA:8,CTokenBase._previewRedeem
DA:755,8
FN:760,CTokenBase._gaugePool
FNDA:165,CTokenBase._gaugePool
DA:761,165
FN:765,CTokenBase._checkDaoPermissions
FNDA:0,CTokenBase._checkDaoPermissions
DA:766,0
BRDA:766,14,0,-
BRDA:766,14,1,-
DA:767,0
FN:772,CTokenBase._checkElevatedPermissions
FNDA:1,CTokenBase._checkElevatedPermissions
DA:773,1
BRDA:773,15,0,-
BRDA:773,15,1,1
DA:774,0
FN:784,CTokenBase._deposit
FNDA:0,CTokenBase._deposit
FN:793,CTokenBase._mint
FNDA:0,CTokenBase._mint
FN:804,CTokenBase._withdraw
FNDA:0,CTokenBase._withdraw
FN:817,CTokenBase._redeem
FNDA:0,CTokenBase._redeem
FNF:59
FNH:26
LF:124
LH:64
BRF:30
BRH:5
end_of_record
TN:
SF:contracts/market/collateral/CTokenCompounding.sol
FN:86,CTokenCompounding.withdrawByPositionFolding
FNDA:1,CTokenCompounding.withdrawByPositionFolding
DA:91,1
BRDA:91,0,0,-
BRDA:91,0,1,1
DA:92,0
DA:96,1
DA:97,1
DA:98,1
DA:101,1
BRDA:101,1,0,-
BRDA:101,1,1,1
DA:103,0
DA:107,1
DA:110,1
DA:111,1
DA:121,1
DA:129,1
DA:135,1
FN:142,CTokenCompounding.getVaultYieldStatus
FNDA:0,CTokenCompounding.getVaultYieldStatus
DA:143,0
FN:150,CTokenCompounding.vaultCompoundFee
FNDA:0,CTokenCompounding.vaultCompoundFee
DA:151,0
FN:157,CTokenCompounding.vaultYieldFee
FNDA:0,CTokenCompounding.vaultYieldFee
DA:158,0
FN:165,CTokenCompounding.vaultHarvestFee
FNDA:0,CTokenCompounding.vaultHarvestFee
DA:166,0
FN:171,CTokenCompounding.startMarket
FNDA:111,CTokenCompounding.startMarket
DA:174,111
DA:175,111
DA:176,111
DA:177,111
FN:180,CTokenCompounding.setVestingPeriod
FNDA:0,CTokenCompounding.setVestingPeriod
DA:181,0
DA:183,0
BRDA:183,2,0,-
BRDA:183,2,1,-
DA:184,0
DA:187,0
DA:188,0
FN:200,CTokenCompounding.rewardRate
FNDA:0,CTokenCompounding.rewardRate
DA:201,0
FN:205,CTokenCompounding.vestingPeriodEnd
FNDA:0,CTokenCompounding.vestingPeriodEnd
DA:206,0
FN:210,CTokenCompounding.lastVestClaim
FNDA:0,CTokenCompounding.lastVestClaim
DA:211,0
FN:218,CTokenCompounding.totalAssetsSafe
FNDA:0,CTokenCompounding.totalAssetsSafe
DA:219,0
FN:224,CTokenCompounding.totalAssets
FNDA:11,CTokenCompounding.totalAssets
DA:225,223
FN:234,CTokenCompounding._deposit
FNDA:71,CTokenCompounding._deposit
DA:238,71
BRDA:238,3,0,-
BRDA:238,3,1,71
DA:239,0
DA:242,71
BRDA:242,4,0,-
BRDA:242,4,1,71
DA:243,0
DA:247,71
DA:250,71
DA:251,71
DA:254,71
BRDA:254,5,0,-
BRDA:254,5,1,71
DA:255,0
DA:258,71
DA:260,71
FN:267,CTokenCompounding._mint
FNDA:48,CTokenCompounding._mint
DA:271,48
BRDA:271,6,0,-
BRDA:271,6,1,48
DA:272,0
DA:275,48
BRDA:275,7,0,-
BRDA:275,7,1,48
DA:276,0
DA:280,48
DA:283,48
DA:284,48
DA:287,48
DA:289,48
DA:291,48
FN:300,CTokenCompounding._withdraw
FNDA:4,CTokenCompounding._withdraw
DA:307,4
DA:308,4
DA:311,4
BRDA:311,8,0,-
BRDA:311,8,1,4
DA:313,0
DA:317,4
DA:318,4
DA:327,4
DA:328,4
FN:345,CTokenCompounding._redeem
FNDA:8,CTokenCompounding._redeem
DA:351,8
BRDA:351,9,0,-
BRDA:351,9,1,8
DA:353,0
DA:356,8
DA:365,6
DA:366,6
DA:369,6
BRDA:369,10,0,-
BRDA:369,10,1,6
DA:370,0
DA:374,6
DA:375,6
FN:386,CTokenCompounding._processDeposit
FNDA:119,CTokenCompounding._processDeposit
DA:395,119
DA:400,119
DA:404,119
BRDA:404,11,0,-
BRDA:404,11,1,119
DA:405,0
DA:407,119
DA:410,119
DA:421,119
FN:424,CTokenCompounding._processWithdraw
FNDA:11,CTokenCompounding._processWithdraw
DA:433,11
BRDA:433,12,0,-
BRDA:433,12,1,1
DA:434,1
DA:436,1
BRDA:436,13,0,-
BRDA:436,13,1,1
DA:437,0
DA:442,11
DA:443,11
DA:446,11
BRDA:446,14,0,4
BRDA:446,14,1,7
DA:447,4
DA:449,7
DA:453,11
DA:455,11
FN:477,CTokenCompounding._packVaultData
FNDA:7,CTokenCompounding._packVaultData
DA:483,7
DA:485,7
FN:498,CTokenCompounding._unpackedVaultData
FNDA:360,CTokenCompounding._unpackedVaultData
DA:501,360
DA:502,360
DA:503,360
FN:508,CTokenCompounding._checkVestStatus
FNDA:7,CTokenCompounding._checkVestStatus
DA:511,7
DA:512,7
DA:513,7
FN:518,CTokenCompounding._setlastVestClaim
FNDA:118,CTokenCompounding._setlastVestClaim
DA:519,118
DA:520,118
DA:523,118
DA:525,118
DA:528,118
FN:537,CTokenCompounding._calculatePendingRewards
FNDA:360,CTokenCompounding._calculatePendingRewards
DA:542,360
DA:544,360
DA:545,14
BRDA:543,15,0,11
BRDA:543,15,1,3
DA:552,14
FN:569,CTokenCompounding._vestRewards
FNDA:7,CTokenCompounding._vestRewards
DA:571,7
DA:574,7
FN:577,CTokenCompounding._vestIfNeeded
FNDA:7,CTokenCompounding._vestIfNeeded
DA:578,7
DA:579,7
BRDA:579,16,0,3
BRDA:579,16,1,7
DA:581,3
FN:585,CTokenCompounding._updateVestingPeriodIfNeeded
FNDA:7,CTokenCompounding._updateVestingPeriodIfNeeded
DA:586,7
BRDA:586,17,0,-
BRDA:586,17,1,7
DA:587,0
DA:588,0
FNF:26
FNH:17
LF:112
LH:85
BRF:36
BRH:20
end_of_record
TN:
SF:contracts/market/collateral/CTokenPrimitive.sol
FN:39,CTokenPrimitive.withdrawByPositionFolding
FNDA:0,CTokenPrimitive.withdrawByPositionFolding
DA:44,0
BRDA:44,0,0,-
BRDA:44,0,1,-
DA:45,0
DA:49,0
DA:50,0
DA:53,0
BRDA:53,1,0,-
BRDA:53,1,1,-
DA:55,0
DA:59,0
DA:62,0
DA:63,0
DA:65,0
DA:73,0
DA:79,0
FN:89,CTokenPrimitive.startMarket
FNDA:10,CTokenPrimitive.startMarket
DA:90,10
DA:91,10
FN:100,CTokenPrimitive._deposit
FNDA:0,CTokenPrimitive._deposit
DA:104,0
BRDA:104,2,0,-
BRDA:104,2,1,-
DA:105,0
DA:108,0
BRDA:108,3,0,-
BRDA:108,3,1,-
DA:109,0
DA:113,0
DA:116,0
DA:119,0
BRDA:119,4,0,-
BRDA:119,4,1,-
DA:120,0
DA:123,0
DA:125,0
FN:132,CTokenPrimitive._mint
FNDA:19,CTokenPrimitive._mint
DA:136,19
BRDA:136,5,0,-
BRDA:136,5,1,19
DA:137,0
DA:140,19
BRDA:140,6,0,-
BRDA:140,6,1,19
DA:141,0
DA:145,19
DA:148,19
DA:151,19
DA:153,19
DA:155,19
FN:164,CTokenPrimitive._withdraw
FNDA:0,CTokenPrimitive._withdraw
DA:171,0
DA:174,0
BRDA:174,7,0,-
BRDA:174,7,1,-
DA:176,0
DA:180,0
DA:181,0
DA:190,0
DA:191,0
FN:200,CTokenPrimitive._redeem
FNDA:3,CTokenPrimitive._redeem
DA:206,3
BRDA:206,8,0,-
BRDA:206,8,1,3
DA:208,0
DA:211,3
DA:220,2
DA:223,2
BRDA:223,9,0,-
BRDA:223,9,1,2
DA:224,0
DA:228,2
DA:229,2
FN:232,CTokenPrimitive._processDeposit
FNDA:19,CTokenPrimitive._processDeposit
DA:240,19
DA:244,19
DA:248,19
FN:260,CTokenPrimitive._processWithdraw
FNDA:2,CTokenPrimitive._processWithdraw
DA:268,2
BRDA:268,10,0,-
BRDA:268,10,1,-
DA:269,0
DA:271,0
BRDA:271,11,0,-
BRDA:271,11,1,-
DA:272,0
DA:277,2
DA:279,2
DA:281,2
FNF:8
FNH:5
LF:58
LH:22
BRF:24
BRH:4
end_of_record
TN:
SF:contracts/market/collateral/Convex2PoolCToken.sol
FN:135,Convex2PoolCToken.reQueryRewardTokens
FNDA:0,Convex2PoolCToken.reQueryRewardTokens
DA:136,0
DA:140,0
DA:141,0
DA:143,0
DA:144,0
DA:145,0
FN:160,Convex2PoolCToken.harvest
FNDA:2,Convex2PoolCToken.harvest
DA:163,2
BRDA:163,0,0,-
BRDA:163,0,1,2
DA:164,0
DA:167,2
BRDA:167,1,0,-
BRDA:167,1,1,2
DA:168,0
DA:172,2
DA:175,2
BRDA:175,2,0,-
BRDA:175,2,1,2
DA:176,2
DA:179,2
DA:182,2
DA:184,2
DA:187,2
DA:188,2
DA:189,2
DA:190,2
DA:194,2
DA:195,2
DA:197,2
DA:198,4
DA:199,4
DA:203,4
BRDA:203,3,0,2
BRDA:203,3,1,4
DA:204,4
DA:208,2
DA:209,2
DA:210,2
DA:219,2
DA:220,2
DA:221,0
BRDA:221,4,0,-
BRDA:221,4,1,-
DA:222,0
DA:227,0
DA:231,2
DA:234,2
DA:235,2
BRDA:235,5,0,-
BRDA:235,5,1,2
DA:236,0
DA:238,2
DA:242,2
DA:243,2
DA:248,2
FN:259,Convex2PoolCToken._afterDeposit
FNDA:10,Convex2PoolCToken._afterDeposit
DA:260,10
DA:261,10
DA:262,10
FN:267,Convex2PoolCToken._beforeWithdraw
FNDA:2,Convex2PoolCToken._beforeWithdraw
DA:268,2
FN:273,Convex2PoolCToken._getRealPositionBalance
FNDA:0,Convex2PoolCToken._getRealPositionBalance
DA:279,0
FN:283,Convex2PoolCToken._addLiquidityToCurve
FNDA:2,Convex2PoolCToken._addLiquidityToCurve
DA:284,2
DA:285,2
DA:287,2
DA:288,2
DA:289,2
DA:290,4
DA:291,4
DA:293,4
BRDA:293,6,0,-
BRDA:293,6,1,2
DA:294,2
DA:297,4
DA:303,4
BRDA:303,7,0,2
BRDA:303,7,1,4
DA:304,2
DA:308,2
BRDA:308,8,0,-
BRDA:308,8,1,2
DA:309,2
FNF:6
FNH:4
LF:62
LH:49
BRF:18
BRH:10
end_of_record
TN:
SF:contracts/market/collateral/Convex3PoolCToken.sol
FN:135,Convex3PoolCToken.reQueryRewardTokens
FNDA:0,Convex3PoolCToken.reQueryRewardTokens
DA:136,0
DA:140,0
DA:141,0
DA:143,0
DA:144,0
DA:145,0
FN:160,Convex3PoolCToken.harvest
FNDA:0,Convex3PoolCToken.harvest
DA:163,0
BRDA:163,0,0,-
BRDA:163,0,1,-
DA:164,0
DA:167,0
BRDA:167,1,0,-
BRDA:167,1,1,-
DA:168,0
DA:172,0
DA:175,0
BRDA:175,2,0,-
BRDA:175,2,1,-
DA:176,0
DA:179,0
DA:182,0
DA:184,0
DA:187,0
DA:188,0
DA:189,0
DA:190,0
DA:194,0
DA:195,0
DA:197,0
DA:198,0
DA:199,0
DA:203,0
BRDA:203,3,0,-
BRDA:203,3,1,-
DA:204,0
DA:208,0
DA:209,0
DA:210,0
DA:219,0
DA:220,0
DA:221,0
BRDA:221,4,0,-
BRDA:221,4,1,-
DA:222,0
DA:227,0
DA:231,0
DA:234,0
DA:235,0
BRDA:235,5,0,-
BRDA:235,5,1,-
DA:236,0
DA:238,0
DA:242,0
DA:243,0
DA:248,0
FN:259,Convex3PoolCToken._afterDeposit
FNDA:0,Convex3PoolCToken._afterDeposit
DA:260,0
DA:261,0
DA:262,0
FN:267,Convex3PoolCToken._beforeWithdraw
FNDA:0,Convex3PoolCToken._beforeWithdraw
DA:268,0
FN:273,Convex3PoolCToken._getRealPositionBalance
FNDA:0,Convex3PoolCToken._getRealPositionBalance
DA:279,0
FN:283,Convex3PoolCToken._addLiquidityToCurve
FNDA:0,Convex3PoolCToken._addLiquidityToCurve
DA:284,0
DA:285,0
DA:287,0
DA:288,0
DA:289,0
DA:290,0
DA:291,0
DA:293,0
BRDA:293,6,0,-
BRDA:293,6,1,-
DA:294,0
DA:297,0
DA:303,0
BRDA:303,7,0,-
BRDA:303,7,1,-
DA:304,0
DA:308,0
BRDA:308,8,0,-
BRDA:308,8,1,-
DA:309,0
FNF:6
FNH:0
LF:62
LH:0
BRF:18
BRH:0
end_of_record
TN:
SF:contracts/market/collateral/Convex4PoolCToken.sol
FN:135,Convex4PoolCToken.reQueryRewardTokens
FNDA:0,Convex4PoolCToken.reQueryRewardTokens
DA:136,0
DA:140,0
DA:141,0
DA:143,0
DA:144,0
DA:145,0
FN:160,Convex4PoolCToken.harvest
FNDA:0,Convex4PoolCToken.harvest
DA:163,0
BRDA:163,0,0,-
BRDA:163,0,1,-
DA:164,0
DA:167,0
BRDA:167,1,0,-
BRDA:167,1,1,-
DA:168,0
DA:172,0
DA:175,0
BRDA:175,2,0,-
BRDA:175,2,1,-
DA:176,0
DA:179,0
DA:182,0
DA:184,0
DA:187,0
DA:188,0
DA:189,0
DA:190,0
DA:194,0
DA:195,0
DA:197,0
DA:198,0
DA:199,0
DA:203,0
BRDA:203,3,0,-
BRDA:203,3,1,-
DA:204,0
DA:208,0
DA:209,0
DA:210,0
DA:219,0
DA:220,0
DA:221,0
BRDA:221,4,0,-
BRDA:221,4,1,-
DA:222,0
DA:227,0
DA:231,0
DA:234,0
DA:235,0
BRDA:235,5,0,-
BRDA:235,5,1,-
DA:236,0
DA:238,0
DA:242,0
DA:243,0
DA:248,0
FN:259,Convex4PoolCToken._afterDeposit
FNDA:0,Convex4PoolCToken._afterDeposit
DA:260,0
DA:261,0
DA:262,0
FN:267,Convex4PoolCToken._beforeWithdraw
FNDA:0,Convex4PoolCToken._beforeWithdraw
DA:268,0
FN:273,Convex4PoolCToken._getRealPositionBalance
FNDA:0,Convex4PoolCToken._getRealPositionBalance
DA:279,0
FN:283,Convex4PoolCToken._addLiquidityToCurve
FNDA:0,Convex4PoolCToken._addLiquidityToCurve
DA:284,0
DA:285,0
DA:287,0
DA:288,0
DA:289,0
DA:290,0
DA:291,0
DA:293,0
BRDA:293,6,0,-
BRDA:293,6,1,-
DA:294,0
DA:297,0
DA:303,0
BRDA:303,7,0,-
BRDA:303,7,1,-
DA:304,0
DA:308,0
BRDA:308,8,0,-
BRDA:308,8,1,-
DA:309,0
FNF:6
FNH:0
LF:62
LH:0
BRF:18
BRH:0
end_of_record
TN:
SF:contracts/market/collateral/DToken.sol
FN:189,DToken.startMarket
FNDA:145,DToken.startMarket
DA:192,145
BRDA:192,0,0,1
BRDA:192,0,1,144
DA:193,1
DA:196,144
DA:197,144
DA:207,143
DA:208,143
DA:210,143
DA:211,143
FN:218,DToken.transfer
FNDA:7,DToken.transfer
DA:222,7
DA:223,4
FN:231,DToken.transferFrom
FNDA:5,DToken.transferFrom
DA:236,5
DA:237,1
FN:243,DToken.borrow
FNDA:41,DToken.borrow
DA:244,41
DA:247,41
DA:249,39
FN:257,DToken.borrowFor
FNDA:0,DToken.borrowFor
DA:262,0
BRDA:262,1,0,-
BRDA:262,1,1,-
DA:263,0
DA:266,0
DA:271,0
DA:273,0
FN:281,DToken.borrowForPositionFolding
FNDA:2,DToken.borrowForPositionFolding
DA:286,2
BRDA:286,2,0,-
BRDA:286,2,1,2
DA:287,0
DA:290,2
DA:292,2
DA:294,2
DA:296,2
DA:304,2
FN:310,DToken.repay
FNDA:10,DToken.repay
DA:311,10
DA:313,10
FN:320,DToken.repayForPositionFolding
FNDA:1,DToken.repayForPositionFolding
DA:324,1
BRDA:324,3,0,-
BRDA:324,3,1,1
DA:325,0
DA:328,1
DA:330,1
FN:333,DToken.repayWithBadDebt
FNDA:0,DToken.repayWithBadDebt
DA:343,0
BRDA:343,4,0,-
BRDA:343,4,1,-
DA:344,0
DA:347,0
DA:350,0
DA:351,0
DA:356,0
DA:365,0
DA:366,0
DA:368,0
DA:369,0
FN:378,DToken.liquidateExact
FNDA:8,DToken.liquidateExact
DA:383,8
FN:392,DToken.liquidate
FNDA:3,DToken.liquidate
DA:396,3
FN:408,DToken.redeem
FNDA:9,DToken.redeem
DA:409,9
DA:411,9
DA:413,9
FN:425,DToken.redeemUnderlyingForPositionFolding
FNDA:0,DToken.redeemUnderlyingForPositionFolding
DA:430,0
BRDA:430,5,0,-
BRDA:430,5,1,-
DA:431,0
DA:434,0
DA:436,0
DA:443,0
DA:451,0
FN:458,DToken.mint
FNDA:56,DToken.mint
DA:459,56
DA:460,54
FN:468,DToken.mintFor
FNDA:6,DToken.mintFor
DA:472,6
DA:473,4
FN:479,DToken.depositReserves
FNDA:54,DToken.depositReserves
DA:480,54
DA:482,53
DA:485,53
DA:488,53
DA:496,53
DA:499,53
DA:502,52
FN:509,DToken.withdrawReserves
FNDA:6,DToken.withdrawReserves
DA:510,6
DA:512,5
DA:515,5
BRDA:515,6,0,-
BRDA:515,6,1,5
DA:516,0
DA:519,5
DA:522,5
DA:525,4
DA:527,4
DA:530,3
FN:535,DToken.approve
FNDA:1,DToken.approve
DA:536,1
DA:538,1
DA:539,1
FN:544,DToken.setBorrowApproval
FNDA:0,DToken.setBorrowApproval
DA:548,0
DA:550,0
DA:551,0
FN:559,DToken.rescueToken
FNDA:6,DToken.rescueToken
DA:560,6
DA:561,5
DA:563,5
BRDA:563,7,0,-
BRDA:563,7,1,2
DA:564,2
BRDA:564,8,0,-
BRDA:564,8,1,2
DA:565,0
DA:568,2
DA:570,3
BRDA:570,9,0,1
BRDA:570,9,1,2
DA:571,1
DA:574,2
BRDA:574,10,0,-
BRDA:574,10,1,-
DA:575,0
DA:578,2
FN:585,DToken.setLendtroller
FNDA:4,DToken.setLendtroller
DA:586,4
DA:587,3
FN:593,DToken.setInterestRateModel
FNDA:3,DToken.setInterestRateModel
DA:594,3
DA:595,2
DA:597,2
FN:603,DToken.setInterestFactor
FNDA:0,DToken.setInterestFactor
DA:604,0
DA:605,0
DA:607,0
FN:614,DToken.balanceOfUnderlying
FNDA:0,DToken.balanceOfUnderlying
DA:615,0
FN:624,DToken.getSnapshot
FNDA:6,DToken.getSnapshot
DA:627,6
FN:638,DToken.getSnapshotPacked
FNDA:102,DToken.getSnapshotPacked
DA:641,102
FN:654,DToken.utilizationRate
FNDA:0,DToken.utilizationRate
DA:655,0
DA:656,0
FN:665,DToken.borrowRatePerYear
FNDA:0,DToken.borrowRatePerYear
DA:666,0
DA:667,0
FN:676,DToken.supplyRatePerYear
FNDA:0,DToken.supplyRatePerYear
DA:677,0
DA:678,0
FN:688,DToken.totalBorrowsWithUpdate
FNDA:0,DToken.totalBorrowsWithUpdate
DA:689,0
DA:690,0
FN:696,DToken.debtBalanceWithUpdate
FNDA:0,DToken.debtBalanceWithUpdate
DA:699,0
DA:700,0
FN:708,DToken.debtBalanceCached
FNDA:69,DToken.debtBalanceCached
DA:710,237
DA:713,237
BRDA:713,11,0,95
BRDA:713,11,1,142
DA:714,95
DA:719,142
DA:720,142
FN:727,DToken.decimals
FNDA:18,DToken.decimals
DA:728,120
FN:734,DToken.marketUnderlyingHeld
FNDA:1,DToken.marketUnderlyingHeld
DA:735,359
FN:739,DToken.isCToken
FNDA:145,DToken.isCToken
DA:740,0
FN:745,DToken.exchangeRateWithUpdate
FNDA:0,DToken.exchangeRateWithUpdate
DA:746,0
DA:747,0
FN:752,DToken.exchangeRateCached
FNDA:54,DToken.exchangeRateCached
DA:756,187
DA:757,187
FN:762,DToken.supportsInterface
FNDA:0,DToken.supportsInterface
DA:765,0
DA:766,0
DA:767,0
FN:773,DToken.accrueInterest
FNDA:9,DToken.accrueInterest
DA:775,205
DA:779,205
BRDA:778,12,0,89
BRDA:778,12,1,116
DA:782,89
DA:786,116
DA:787,116
DA:788,116
DA:791,116
DA:799,116
DA:801,116
DA:802,116
DA:803,116
DA:804,116
DA:808,116
DA:812,116
DA:813,116
DA:816,116
DA:817,116
BRDA:817,13,0,-
BRDA:817,13,1,26
DA:818,26
DA:821,26
DA:828,116
FN:839,DToken._setLendtroller
FNDA:3,DToken._setLendtroller
DA:841,3
BRDA:841,14,0,1
BRDA:841,14,1,2
DA:842,1
DA:846,2
DA:849,2
DA:851,2
FN:856,DToken._setInterestRateModel
FNDA:2,DToken._setInterestRateModel
DA:860,2
DA:863,1
DA:866,1
DA:867,1
DA:869,1
FN:878,DToken._setInterestFactor
FNDA:0,DToken._setInterestFactor
DA:880,0
BRDA:880,15,0,-
BRDA:880,15,1,-
DA:881,0
DA:884,0
DA:889,0
DA:891,0
FN:900,DToken._transfer
[...]
DA:87,9
BRDA:87,2,0,1
BRDA:87,2,1,8
DA:88,1
DA:91,8
BRDA:91,3,0,1
BRDA:91,3,1,7
DA:92,1
DA:95,7
DA:96,7
DA:101,7
BRDA:101,4,0,-
BRDA:101,4,1,7
DA:102,0
DA:105,7
DA:106,7
DA:107,7
DA:108,7
DA:109,7
DA:111,7
FN:114,CVEPublicSale.commit
FNDA:7,CVEPublicSale.commit
DA:115,7
DA:116,7
BRDA:116,5,0,1
BRDA:116,5,1,6
DA:117,1
DA:120,6
BRDA:120,6,0,1
BRDA:120,6,1,5
DA:121,1
DA:124,5
DA:126,5
BRDA:126,7,0,1
BRDA:126,7,1,5
DA:128,1
DA:131,5
DA:138,5
DA:139,5
DA:141,5
FN:144,CVEPublicSale.claim
FNDA:5,CVEPublicSale.claim
DA:145,5
DA:146,5
BRDA:146,8,0,1
BRDA:146,8,1,4
DA:147,1
DA:149,4
BRDA:149,9,0,1
BRDA:149,9,1,3
DA:150,1
DA:153,3
DA:154,3
DA:156,3
DA:157,3
DA:159,3
DA:161,3
FN:165,CVEPublicSale.softCap
FNDA:8,CVEPublicSale.softCap
DA:166,15
FN:170,CVEPublicSale.hardCap
FNDA:7,CVEPublicSale.hardCap
DA:171,25
FN:175,CVEPublicSale.priceAt
FNDA:0,CVEPublicSale.priceAt
DA:176,7
DA:177,7
BRDA:177,10,0,-
BRDA:177,10,1,7
DA:178,0
DA:180,7
DA:181,7
BRDA:181,11,0,1
BRDA:181,11,1,6
DA:182,1
DA:185,6
FN:190,CVEPublicSale.currentPrice
FNDA:4,CVEPublicSale.currentPrice
DA:191,7
FN:194,CVEPublicSale.currentStatus
FNDA:0,CVEPublicSale.currentStatus
DA:195,12
BRDA:195,12,0,2
BRDA:195,12,1,10
DA:196,2
DA:200,10
DA:201,6
BRDA:199,13,0,6
BRDA:199,13,1,4
DA:203,6
DA:206,4
FN:212,CVEPublicSale.withdrawFunds
FNDA:0,CVEPublicSale.withdrawFunds
DA:213,0
BRDA:213,14,0,-
BRDA:213,14,1,-
DA:214,0
DA:217,0
DA:218,0
BRDA:218,15,0,-
BRDA:218,15,1,-
DA:219,0
DA:221,0
BRDA:221,16,0,-
BRDA:221,16,1,-
DA:222,0
DA:225,0
DA:226,0
FNF:9
FNH:6
LF:66
LH:54
BRF:34
BRH:25
end_of_record
TN:
SF:contracts/token/CVE.sol
FN:71,CVE.mintGaugeEmissions
FNDA:2,CVE.mintGaugeEmissions
DA:72,2
BRDA:72,0,0,1
BRDA:72,0,1,1
DA:73,1
DA:76,1
FN:81,CVE.mintLockBoost
FNDA:2,CVE.mintLockBoost
DA:82,2
BRDA:82,1,0,1
BRDA:82,1,1,1
DA:83,1
DA:86,1
FN:92,CVE.mintTreasuryTokens
FNDA:3,CVE.mintTreasuryTokens
DA:95,2
DA:96,2
BRDA:96,2,0,1
BRDA:96,2,1,1
DA:97,1
DA:100,1
DA:101,1
FN:107,CVE.mintCallOptionTokens
FNDA:3,CVE.mintCallOptionTokens
DA:108,2
DA:109,2
BRDA:109,3,0,1
BRDA:109,3,1,1
DA:110,1
DA:113,1
DA:114,1
FN:121,CVE.mintTeamTokens
FNDA:5,CVE.mintTeamTokens
DA:122,5
BRDA:122,4,0,1
BRDA:122,4,1,4
DA:123,1
DA:126,4
DA:127,4
DA:128,4
DA:130,4
DA:133,4
BRDA:133,5,0,1
BRDA:133,5,1,4
DA:134,1
DA:137,4
BRDA:137,6,0,1
BRDA:137,6,1,3
DA:138,1
DA:141,3
DA:142,3
FN:148,CVE.setTeamAddress
FNDA:3,CVE.setTeamAddress
DA:149,3
BRDA:149,7,0,1
BRDA:149,7,1,2
DA:150,1
DA:153,2
BRDA:153,8,0,1
BRDA:153,8,1,1
DA:154,1
DA:157,1
FN:162,CVE.sendAndCall
FNDA:3,CVE.sendAndCall
DA:171,3
BRDA:171,9,0,1
BRDA:171,9,1,2
DA:172,1
DA:175,2
FNF:7
FNH:7
LF:36
LH:36
BRF:20
BRH:20
end_of_record
TN:
SF:contracts/token/ChildCVE.sol
FN:27,CVE.mintGaugeEmissions
FNDA:2,CVE.mintGaugeEmissions
DA:28,2
BRDA:28,0,0,1
BRDA:28,0,1,1
DA:29,1
DA:32,1
FN:37,CVE.mintLockBoost
FNDA:2,CVE.mintLockBoost
DA:38,2
BRDA:38,1,0,1
BRDA:38,1,1,1
DA:39,1
DA:42,1
FN:47,CVE.sendAndCall
FNDA:2,CVE.sendAndCall
DA:56,2
BRDA:56,2,0,1
BRDA:56,2,1,1
DA:57,1
DA:60,1
FNF:3
FNH:3
LF:9
LH:9
BRF:6
BRH:6
end_of_record
TN:
SF:contracts/token/OCVE.sol
FN:89,OCVE.rescueToken
FNDA:6,OCVE.rescueToken
DA:93,6
DA:94,5
DA:96,5
BRDA:96,0,0,-
BRDA:96,0,1,2
DA:97,2
BRDA:97,1,0,-
BRDA:97,1,1,2
DA:98,0
DA:101,2
DA:103,3
BRDA:103,2,0,1
BRDA:103,2,1,2
DA:104,1
DA:107,2
BRDA:107,3,0,-
BRDA:107,3,1,-
DA:108,0
DA:111,2
FN:117,OCVE.withdrawRemainingAirdropTokens
FNDA:3,OCVE.withdrawRemainingAirdropTokens
DA:118,3
DA:120,2
BRDA:120,4,0,1
BRDA:120,4,1,1
DA:121,1
DA:124,1
DA:125,1
DA:131,1
FN:137,OCVE.setOptionsTerms
FNDA:273,OCVE.setOptionsTerms
DA:141,273
DA:143,272
BRDA:143,5,0,1
BRDA:143,5,1,271
DA:144,1
DA:147,271
BRDA:147,6,0,1
BRDA:147,6,1,270
DA:148,1
DA:153,270
DA:154,1
BRDA:152,7,0,1
BRDA:152,7,1,269
DA:156,1
DA:159,269
DA:162,269
DA:167,269
DA:173,269
BRDA:173,8,0,-
BRDA:173,8,1,269
DA:174,0
DA:181,269
BRDA:181,9,0,1
BRDA:181,9,1,268
DA:182,1
DA:185,268
FN:191,OCVE.name
FNDA:1,OCVE.name
DA:192,1
FN:196,OCVE.symbol
FNDA:1,OCVE.symbol
DA:197,1
FN:202,OCVE.optionsExercisable
FNDA:0,OCVE.optionsExercisable
DA:203,516
FN:210,OCVE.exerciseOption
FNDA:517,OCVE.exerciseOption
DA:211,517
BRDA:211,10,0,1
BRDA:211,10,1,516
DA:212,1
DA:215,516
BRDA:215,11,0,1
BRDA:215,11,1,515
DA:216,1
DA:219,515
BRDA:219,12,0,1
BRDA:219,12,1,514
DA:220,1
DA:223,514
BRDA:223,13,0,1
BRDA:223,13,1,513
DA:224,1
DA:227,513
DA:230,513
BRDA:230,14,0,1
BRDA:230,14,1,256
DA:231,257
BRDA:231,15,0,1
BRDA:231,15,1,256
DA:232,1
DA:235,256
DA:244,512
DA:247,512
DA:249,512
FN:255,OCVE._checkDaoPermissions
FNDA:282,OCVE._checkDaoPermissions
DA:256,282
BRDA:256,16,0,3
BRDA:256,16,1,279
DA:257,3
FNF:8
FNH:7
LF:54
LH:51
BRF:34
BRH:29
end_of_record
TN:
SF:contracts/token/VeCVE.sol
FN:120,VeCVE.rescueToken
FNDA:263,VeCVE.rescueToken
DA:121,263
BRDA:121,0,0,1
BRDA:121,0,1,262
DA:122,1
DA:125,262
DA:127,262
BRDA:127,1,0,1
BRDA:127,1,1,3
DA:128,3
BRDA:128,2,0,1
BRDA:128,2,1,3
DA:129,1
DA:132,3
DA:134,259
BRDA:134,3,0,1
BRDA:134,3,1,258
DA:135,1
DA:138,258
BRDA:138,4,0,-
BRDA:138,4,1,1
DA:139,1
DA:142,258
FN:148,VeCVE.shutdown
FNDA:1028,VeCVE.shutdown
DA:149,1028
BRDA:149,5,0,1
BRDA:149,5,1,1027
DA:150,1
DA:153,1027
DA:154,1027
FN:164,VeCVE.createLock
FNDA:4155,VeCVE.createLock
DA:171,4155
DA:173,3643
DA:181,3131
DA:183,3131
DA:185,3131
FN:196,VeCVE.createLockFor
FNDA:1803,VeCVE.createLockFor
DA:204,1803
DA:207,1291
DA:208,256
BRDA:206,6,0,256
BRDA:206,6,1,1035
DA:210,256
DA:213,1035
DA:221,523
DA:223,523
DA:225,523
FN:235,VeCVE.extendLock
FNDA:516,VeCVE.extendLock
DA:242,516
BRDA:242,7,0,1
BRDA:242,7,1,515
DA:243,1
DA:246,515
DA:249,515
BRDA:249,8,0,1
BRDA:249,8,1,514
DA:250,1
DA:253,514
DA:255,514
BRDA:255,9,0,1
BRDA:255,9,1,513
DA:256,1
DA:258,513
BRDA:258,10,0,1
BRDA:258,10,1,512
DA:259,1
DA:263,512
DA:265,512
DA:266,512
DA:267,512
DA:269,512
BRDA:269,11,0,-
BRDA:269,11,1,256
DA:270,256
DA:271,256
DA:278,256
DA:280,256
FN:299,VeCVE.increaseAmountAndExtendLock
FNDA:1536,VeCVE.increaseAmountAndExtendLock
DA:307,1536
DA:309,1024
DA:317,1024
DA:319,1024
FN:337,VeCVE.increaseAmountAndExtendLockFor
FNDA:1029,VeCVE.increaseAmountAndExtendLockFor
DA:346,1029
DA:349,1027
DA:350,1
BRDA:348,12,0,1
BRDA:348,12,1,1026
DA:352,1
DA:355,1026
DA:363,1026
DA:365,1026
FN:379,VeCVE.disableContinuousLock
FNDA:258,VeCVE.disableContinuousLock
DA:385,258
DA:388,258
BRDA:388,13,0,1
BRDA:388,13,1,257
DA:389,1
DA:391,257
BRDA:391,14,0,1
BRDA:391,14,1,256
DA:392,1
DA:396,256
DA:398,256
DA:399,256
DA:400,256
DA:404,256
DA:405,256
FN:415,VeCVE.combineLocks
FNDA:1536,VeCVE.combineLocks
DA:423,1536
DA:425,1536
DA:426,1536
DA:427,1536
DA:434,1536
BRDA:434,15,0,512
BRDA:434,15,1,1024
DA:435,512
DA:438,1024
DA:439,1024
DA:440,1024
DA:441,1024
DA:444,1024
DA:445,1792
BRDA:445,16,0,256
BRDA:445,16,1,512
DA:448,768
BRDA:448,17,0,256
BRDA:448,17,1,512
DA:449,256
DA:453,1536
DA:455,1536
BRDA:455,18,0,-
BRDA:455,18,1,256
DA:456,256
DA:457,256
DA:458,256
DA:461,1536
DA:463,1536
BRDA:463,19,0,512
BRDA:463,19,1,1024
DA:465,512
DA:472,1024
DA:482,1536
DA:483,1536
DA:486,1536
DA:489,768
BRDA:489,20,0,768
BRDA:489,20,1,768
DA:490,768
DA:493,768
DA:495,768
DA:497,768
BRDA:497,21,0,256
BRDA:497,21,1,256
DA:498,512
BRDA:498,22,0,256
BRDA:498,22,1,256
DA:500,256
DA:503,256
DA:504,256
DA:508,256
DA:511,256
DA:512,256
DA:516,256
DA:519,256
DA:521,256
DA:524,256
BRDA:524,23,0,-
BRDA:524,23,1,256
DA:525,0
DA:528,256
DA:535,256
DA:537,256
DA:538,256
DA:541,256
FN:552,VeCVE.combineAllLocks
FNDA:768,VeCVE.combineAllLocks
DA:559,768
DA:563,768
DA:564,768
DA:566,768
BRDA:566,24,0,256
BRDA:566,24,1,512
DA:567,256
DA:570,512
DA:571,512
DA:572,512
DA:574,512
DA:575,1024
DA:577,1024
BRDA:577,25,0,512
BRDA:577,25,1,512
DA:579,512
DA:586,512
DA:595,1024
DA:600,512
BRDA:600,26,0,512
BRDA:600,26,1,512
DA:601,512
DA:604,512
DA:606,512
BRDA:606,27,0,256
BRDA:606,27,1,256
DA:607,256
DA:614,256
DA:616,256
DA:623,256
FN:636,VeCVE.processExpiredLock
FNDA:1027,VeCVE.processExpiredLock
DA:644,1027
DA:647,1027
BRDA:647,28,0,1
BRDA:647,28,1,1026
DA:648,1
DA:651,1026
BRDA:651,29,0,1
BRDA:651,29,1,1025
DA:652,1
DA:656,1025
DA:658,1025
DA:659,1025
DA:663,1025
BRDA:663,30,0,256
BRDA:663,30,1,1025
DA:664,256
DA:666,256
DA:669,1025
BRDA:669,31,0,256
BRDA:669,31,1,769
DA:672,256
DA:674,769
DA:675,769
DA:678,769
DA:680,769
DA:685,769
BRDA:685,32,0,-
BRDA:685,32,1,512
DA:686,512
FN:697,VeCVE.earlyExpireLock
FNDA:259,VeCVE.earlyExpireLock
DA:703,259
DA:706,259
BRDA:706,33,0,1
BRDA:706,33,1,258
DA:707,1
DA:711,258
BRDA:711,34,0,1
BRDA:711,34,1,257
DA:712,1
DA:715,257
DA:717,257
BRDA:717,35,0,1
BRDA:717,35,1,256
DA:718,1
DA:722,256
DA:724,256
DA:725,256
DA:728,256
DA:731,256
DA:732,256
DA:736,256
DA:743,256
DA:750,256
DA:752,256
DA:757,256
BRDA:757,36,0,-
BRDA:757,36,1,256
DA:758,256
FN:765,VeCVE.name
FNDA:1,VeCVE.name
DA:766,1
FN:770,VeCVE.symbol
FNDA:1,VeCVE.symbol
DA:771,1
FN:777,VeCVE.currentEpoch
FNDA:8192,VeCVE.currentEpoch
DA:778,24162
BRDA:778,37,0,-
BRDA:778,37,1,24162
DA:779,0
DA:782,24162
FN:787,VeCVE.nextEpochStartTime
FNDA:182,VeCVE.nextEpochStartTime
DA:788,182
DA:790,182
FN:796,VeCVE.freshLockEpoch
FNDA:1,VeCVE.freshLockEpoch
DA:797,4155
FN:803,VeCVE.freshLockTimestamp
FNDA:1536,VeCVE.freshLockTimestamp
DA:804,5434
DA:805,5434
FN:819,VeCVE.updateUserPoints
FNDA:3,VeCVE.updateUserPoints
DA:820,3
DA:822,3
BRDA:822,38,0,1
DA:829,2
FN:840,VeCVE.getVotes
FNDA:769,VeCVE.getVotes
DA:841,769
DA:843,769
BRDA:843,39,0,1
BRDA:843,39,1,768
DA:844,1
DA:849,768
DA:850,768
DA:852,768
DA:855,768
DA:866,768
FN:874,VeCVE.getVotesForEpoch
FNDA:0,VeCVE.getVotesForEpoch
DA:878,0
DA:880,0
BRDA:880,40,0,-
BRDA:880,40,1,-
DA:881,0
DA:884,0
DA:885,0
DA:886,0
DA:888,0
DA:891,0
DA:900,0
FN:911,VeCVE.getVotesForSingleLockForTime
FNDA:0,VeCVE.getVotesForSingleLockForTime
DA:917,768
DA:919,768
BRDA:919,41,0,256
BRDA:919,41,1,512
DA:920,256
DA:923,512
BRDA:923,42,0,-
BRDA:923,42,1,256
DA:925,256
DA:931,256
DA:932,256
FN:936,VeCVE.getUnlockPenalty
FNDA:259,VeCVE.getUnlockPenalty
DA:940,259
DA:943,259
BRDA:943,43,0,1
BRDA:943,43,1,258
DA:944,1
DA:948,258
BRDA:948,44,0,1
BRDA:948,44,1,257
DA:949,1
DA:952,257
DA:954,257
BRDA:954,45,0,1
BRDA:954,45,1,256
DA:955,1
DA:958,256
DA:959,256
FN:967,VeCVE.transfer
FNDA:1,VeCVE.transfer
DA:968,1
FN:974,VeCVE.transferFrom
FNDA:1,VeCVE.transferFrom
DA:979,1
FN:985,VeCVE._claimRewards
FNDA:10057,VeCVE._claimRewards
DA:991,10057
DA:992,10057
BRDA:992,46,0,-
BRDA:992,46,1,6656
DA:993,6656
DA:995,6656
DA:997,3401
FN:1005,VeCVE._lock
FNDA:3910,VeCVE._lock
DA:1011,3910
BRDA:1011,47,0,-
BRDA:1011,47,1,2615
DA:1012,2615
DA:1018,3910
BRDA:1018,48,0,1548
BRDA:1018,48,1,2362
DA:1019,1548
DA:1026,1548
DA:1028,2362
DA:1035,2362
DA:1036,2362
DA:1039,3910
FN:1048,VeCVE._increaseAmountAndExtendLockFor
FNDA:2050,VeCVE._increaseAmountAndExtendLockFor
DA:1054,2050
DA:1057,2050
BRDA:1057,49,0,512
BRDA:1057,49,1,1538
DA:1058,512
DA:1061,1538
DA:1063,1538
BRDA:1063,50,0,-
BRDA:1063,50,1,1
DA:1064,2
BRDA:1064,51,0,1
BRDA:1064,51,1,1
DA:1065,1
DA:1069,1
DA:1072,1
DA:1076,1536
BRDA:1076,52,0,512
BRDA:1076,52,1,1024
DA:1077,512
DA:1080,1024
DA:1081,1024
DA:1082,1024
DA:1084,1024
BRDA:1084,53,0,-
BRDA:1084,53,1,512
DA:1085,512
DA:1089,512
DA:1096,512
DA:1100,512
DA:1109,512
DA:1112,1024
DA:1115,1025
DA:1117,1025
FN:1123,VeCVE._removeLock
FNDA:1025,VeCVE._removeLock
DA:1124,1025
DA:1126,1025
BRDA:1126,54,0,-
BRDA:1126,54,1,1
DA:1127,1
DA:1128,1
DA:1129,1
DA:1132,1025
FN:1139,VeCVE._incrementPoints
FNDA:5191,VeCVE._incrementPoints
DA:1143,5191
DA:1144,5191
FN:1152,VeCVE._reducePoints
FNDA:2048,VeCVE._reducePoints
DA:1156,2048
DA:1157,2048
FN:1167,VeCVE._incrementTokenUnlocks
FNDA:3130,VeCVE._incrementTokenUnlocks
DA:1176,3130
DA:1177,3130
FN:1189,VeCVE._reduceTokenUnlocks
FNDA:2048,VeCVE._reduceTokenUnlocks
DA:1197,2048
DA:1198,2048
FN:1214,VeCVE._updateUnlockDataToExtendedLock
FNDA:768,VeCVE._updateUnlockDataToExtendedLock
DA:1224,768
DA:1227,768
DA:1230,768
DA:1231,768
FN:1244,VeCVE._updateDataToContinuousOn
FNDA:768,VeCVE._updateDataToContinuousOn
DA:1253,768
DA:1254,768
DA:1255,768
DA:1256,768
FN:1268,VeCVE._updateDataFromEarlyUnlock
FNDA:512,VeCVE._updateDataFromEarlyUnlock
DA:1273,512
BRDA:1273,55,0,-
BRDA:1273,55,1,512
DA:1274,0
DA:1276,512
DA:1277,512
FN:1284,VeCVE._getCLPoints
FNDA:4877,VeCVE._getCLPoints
DA:1286,4877
FN:1298,VeCVE._getUnlockPenalty
FNDA:512,VeCVE._getUnlockPenalty
DA:1305,512
DA:1306,512
FN:1312,VeCVE._revert
FNDA:2831,VeCVE._revert
FN:1321,VeCVE._canLock
FNDA:8523,VeCVE._canLock
DA:1323,8523
BRDA:1323,56,0,769
DA:1330,7754
BRDA:1330,57,0,769
BRDA:1330,57,1,6985
DA:1331,769
FNF:40
FNH:38
LF:297
LH:285
BRF:114
BRH:98
end_of_record
TN:
SF:tests/architecture/CentralRegistry/functions/AddLendingMarket.t.sol
FN:8,Market.supportsInterface
FNDA:18,Market.supportsInterface
DA:9,18
BRDA:9,0,0,6
BRDA:9,0,1,12
DA:10,6
DA:12,12
FNF:1
FNH:1
LF:3
LH:3
BRF:2
BRH:2
end_of_record
TN:
SF:tests/architecture/CentralRegistry/functions/RemoveLendingMarket.t.sol
FN:8,Market.supportsInterface
FNDA:0,Market.supportsInterface
DA:9,0
BRDA:9,0,0,-
BRDA:9,0,1,-
DA:10,0
DA:12,0
FNF:1
FNH:0
LF:3
LH:0
BRF:2
BRH:0
end_of_record
TN:
SF:tests/architecture/CentralRegistry/functions/SetProtocolInterestRateFee.t.sol
FN:8,Market.supportsInterface
FNDA:0,Market.supportsInterface
DA:9,0
BRDA:9,0,0,-
BRDA:9,0,1,-
DA:10,0
DA:12,0
FNF:1
FNH:0
LF:3
LH:0
BRF:2
BRH:0
end_of_record
TN:
SF:tests/market/TestBaseMarket.sol
FN:117,TestBaseMarket.setUp
FNDA:0,TestBaseMarket.setUp
DA:118,0
DA:120,0
DA:121,0
DA:122,0
DA:124,0
DA:125,0
DA:126,0
DA:127,0
DA:128,0
DA:129,0
DA:130,0
DA:131,0
DA:132,0
DA:133,0
DA:135,0
DA:136,0
DA:137,0
DA:138,0
DA:139,0
DA:141,0
DA:142,0
DA:144,0
DA:145,0
FN:148,TestBaseMarket._deployCentralRegistry
FNDA:0,TestBaseMarket._deployCentralRegistry
DA:149,0
DA:156,0
DA:157,0
FN:160,TestBaseMarket._deployCVE
FNDA:0,TestBaseMarket._deployCVE
DA:161,0
DA:173,0
DA:175,0
DA:176,0
FN:179,TestBaseMarket._deployCVELocker
FNDA:0,TestBaseMarket._deployCVELocker
DA:180,0
DA:184,0
FN:187,TestBaseMarket._deployVeCVE
FNDA:0,TestBaseMarket._deployVeCVE
DA:188,0
DA:192,0
DA:193,0
DA:194,0
FN:197,TestBaseMarket._deployPriceRouter
FNDA:0,TestBaseMarket._deployPriceRouter
DA:198,0
DA:203,0
FN:206,TestBaseMarket._deployProtocolMessagingHub
FNDA:0,TestBaseMarket._deployProtocolMessagingHub
DA:207,0
DA:212,0
FN:215,TestBaseMarket._deployFeeAccumulator
FNDA:0,TestBaseMarket._deployFeeAccumulator
DA:216,0
DA:217,0
DA:219,0
DA:225,0
FN:228,TestBaseMarket._deployChainlinkAdaptors
FNDA:0,TestBaseMarket._deployChainlinkAdaptors
DA:229,0
DA:230,0
DA:231,0
DA:232,0
DA:233,0
DA:235,0
DA:238,0
DA:243,0
DA:248,0
DA:253,0
DA:258,0
DA:263,0
DA:269,0
DA:270,0
DA:274,0
DA:278,0
DA:279,0
DA:284,0
DA:288,0
DA:294,0
DA:300,0
DA:305,0
DA:310,0
DA:315,0
DA:320,0
DA:321,0
DA:325,0
DA:329,0
DA:333,0
DA:338,0
DA:342,0
DA:343,0
DA:344,0
DA:345,0
DA:346,0
DA:349,0
DA:350,0
DA:351,0
DA:352,0
DA:353,0
FN:359,TestBaseMarket._deployGaugePool
FNDA:0,TestBaseMarket._deployGaugePool
DA:360,0
DA:361,0
FN:364,TestBaseMarket._deployLendtroller
FNDA:0,TestBaseMarket._deployLendtroller
DA:365,0
DA:369,0
FN:375,TestBaseMarket._deployDynamicInterestRateModel
FNDA:0,TestBaseMarket._deployDynamicInterestRateModel
DA:376,0
FN:387,TestBaseMarket._deployDUSDC
FNDA:0,TestBaseMarket._deployDUSDC
DA:388,0
DA:389,0
FN:392,TestBaseMarket._deployDDAI
FNDA:0,TestBaseMarket._deployDDAI
DA:393,0
DA:394,0
FN:397,TestBaseMarket._deployDToken
FNDA:0,TestBaseMarket._deployDToken
DA:398,0
DA:399,0
FN:407,TestBaseMarket._deployCBALRETH
FNDA:0,TestBaseMarket._deployCBALRETH
DA:408,0
DA:416,0
FN:419,TestBaseMarket._deployZapper
FNDA:0,TestBaseMarket._deployZapper
DA:420,0
DA:425,0
DA:426,0
FN:429,TestBaseMarket._deployPositionFolding
FNDA:0,TestBaseMarket._deployPositionFolding
DA:430,0
DA:434,0
FN:437,TestBaseMarket._addSinglePriceFeed
FNDA:0,TestBaseMarket._addSinglePriceFeed
DA:438,0
DA:439,0
FN:445,TestBaseMarket._addDualPriceFeed
FNDA:0,TestBaseMarket._addDualPriceFeed
DA:446,0
DA:448,0
DA:449,0
FN:455,TestBaseMarket._prepareUSDC
FNDA:0,TestBaseMarket._prepareUSDC
DA:456,0
FN:459,TestBaseMarket._prepareDAI
FNDA:0,TestBaseMarket._prepareDAI
DA:460,0
FN:463,TestBaseMarket._prepareBALRETH
FNDA:0,TestBaseMarket._prepareBALRETH
DA:464,0
FN:467,TestBaseMarket._setCbalRETHCollateralCaps
FNDA:0,TestBaseMarket._setCbalRETHCollateralCaps
DA:468,0
DA:478,0
DA:479,0
DA:480,0
DA:481,0
DA:482,0
FNF:24
FNH:0
LF:116
LH:0
BRF:0
BRH:0
end_of_record
TN:
SF:tests/market/collateral/CTokenCompounding/TestBaseCTokenCompoundingBase.sol
FN:14,TestBaseCTokenCompounding.setUp
FNDA:0,TestBaseCTokenCompounding.setUp
DA:15,0
DA:18,0
DA:19,0
DA:20,0
DA:25,0
DA:26,0
DA:27,0
DA:32,0
DA:33,0
DA:34,0
DA:39,0
DA:40,0
DA:41,0
DA:47,0
DA:48,0
DA:49,0
DA:51,0
DA:52,0
DA:53,0
DA:54,0
DA:56,0
DA:57,0
DA:59,0
DA:64,0
FNF:1
FNH:0
LF:24
LH:0
BRF:0
BRH:0
end_of_record
TN:
SF:tests/market/collateral/DToken/TestBaseDToken.sol
FN:14,TestBaseDToken.setUp
FNDA:0,TestBaseDToken.setUp
DA:15,0
DA:18,0
DA:19,0
DA:20,0
DA:25,0
DA:26,0
DA:27,0
DA:32,0
DA:33,0
DA:34,0
DA:39,0
DA:40,0
DA:41,0
DA:47,0
DA:48,0
DA:49,0
DA:51,0
DA:52,0
DA:53,0
DA:54,0
DA:56,0
DA:57,0
DA:59,0
DA:60,0
DA:62,0
DA:63,0
DA:65,0
DA:66,0
DA:67,0
DA:69,0
DA:70,0
DA:81,0
FNF:1
FNH:0
LF:32
LH:0
BRF:0
BRH:0
end_of_record
TN:
SF:tests/market/collateral/integrations/TestGMCToken.t.sol
FN:13,MockArbSys.arbBlockNumber
FNDA:5,MockArbSys.arbBlockNumber
DA:14,5
FN:17,MockArbSys.arbBlockHash
FNDA:4,MockArbSys.arbBlockHash
DA:21,4
BRDA:21,0,0,2
BRDA:21,0,1,2
DA:22,2
DA:24,2
BRDA:24,1,0,2
BRDA:24,1,1,-
DA:25,2
FNF:2
FNH:2
LF:5
LH:5
BRF:4
BRH:3
end_of_record
TN:
SF:tests/market/lendtroller/TestBaseLendtroller.sol
FN:8,TestBaseLendtroller.setUp
FNDA:0,TestBaseLendtroller.setUp
DA:9,0
DA:11,0
DA:13,0
DA:14,0
DA:15,0
DA:17,0
DA:19,0
DA:20,0
DA:21,0
FNF:1
FNH:0
LF:9
LH:0
BRF:0
BRH:0
end_of_record
TN:
SF:tests/oracles/PriceRouter/TestBasePriceRouter.sol
FN:34,TestBasePriceRouter.setUp
FNDA:0,TestBasePriceRouter.setUp
DA:35,0
DA:37,0
DA:38,0
DA:39,0
DA:41,0
DA:42,0
DA:43,0
FN:46,TestBasePriceRouter._deployCentralRegistry
FNDA:0,TestBasePriceRouter._deployCentralRegistry
DA:47,0
DA:49,0
DA:56,0
FN:59,TestBasePriceRouter._deployPriceRouter
FNDA:0,TestBasePriceRouter._deployPriceRouter
DA:60,0
DA:65,0
FN:68,TestBasePriceRouter._deployChainlinkAdaptors
FNDA:0,TestBasePriceRouter._deployChainlinkAdaptors
DA:69,0
DA:72,0
DA:76,0
DA:77,0
DA:79,0
DA:84,0
FN:91,TestBasePriceRouter._deployLendtroller
FNDA:0,TestBasePriceRouter._deployLendtroller
DA:92,0
DA:95,0
DA:99,0
FN:102,TestBasePriceRouter._deployDynamicInterestRateModel
FNDA:0,TestBasePriceRouter._deployDynamicInterestRateModel
DA:103,0
FN:114,TestBasePriceRouter._deployMUSDC
FNDA:0,TestBasePriceRouter._deployMUSDC
DA:115,0
FN:123,TestBasePriceRouter._addSinglePriceFeed
FNDA:0,TestBasePriceRouter._addSinglePriceFeed
DA:124,0
DA:125,0
FN:131,TestBasePriceRouter._addDualPriceFeed
FNDA:0,TestBasePriceRouter._addDualPriceFeed
DA:132,0
DA:134,0
DA:135,0
FNF:9
FNH:0
LF:28
LH:0
BRF:0
BRH:0
end_of_record
TN:
SF:tests/token/ChildCVE/TestBaseChildCVE.sol
FN:11,TestBaseChildCVE.setUp
FNDA:0,TestBaseChildCVE.setUp
DA:12,0
DA:14,0
FNF:1
FNH:0
LF:2
LH:0
BRF:0
BRH:0
end_of_record
TN:
SF:tests/token/OCVE/TestBaseOCVE.sol
FN:11,TestBaseOCVE.setUp
FNDA:0,TestBaseOCVE.setUp
DA:12,0
DA:14,0
FNF:1
FNH:0
LF:2
LH:0
BRF:0
BRH:0
end_of_record
TN:
SF:tests/token/VeCVE/TestBaseVeCVE.sol
FN:46,TestBaseVeCVE.setUp
FNDA:0,TestBaseVeCVE.setUp
DA:47,0
DA:49,0
DA:50,0
DA:51,0
DA:53,0
DA:55,0
DA:56,0
DA:57,0
FN:60,TestBaseVeCVE._deployCentralRegistry
FNDA:0,TestBaseVeCVE._deployCentralRegistry
DA:61,0
FN:70,TestBaseVeCVE._deployCVE
FNDA:0,TestBaseVeCVE._deployCVE
DA:71,0
DA:83,0
FN:86,TestBaseVeCVE._deployCVELocker
FNDA:0,TestBaseVeCVE._deployCVELocker
DA:87,0
DA:91,0
FN:94,TestBaseVeCVE._deployVeCVE
FNDA:0,TestBaseVeCVE._deployVeCVE
DA:95,0
DA:97,0
DA:98,0
FNF:5
FNH:0
LF:16
LH:0
BRF:0
BRH:0
end_of_record
TN:
SF:tests/utils/TestBase.sol
FN:10,TestBase._fork
FNDA:0,TestBase._fork
DA:11,0
FN:14,TestBase._fork
FNDA:0,TestBase._fork
DA:15,0
FN:18,TestBase._fork
FNDA:0,TestBase._fork
DA:19,0
FN:22,TestBase._fork
FNDA:0,TestBase._fork
DA:23,0
FNF:4
FNH:0
LF:4
LH:0
BRF:0
BRH:0
end_of_record
